Started GET "/" for 127.0.0.1 at 2018-04-23 18:12:05 -0600
Processing by Rails::WelcomeController#index as HTML
  Rendering /var/lib/gems/2.3.0/gems/railties-5.2.0/lib/rails/templates/rails/welcome/index.html.erb
  Rendered /var/lib/gems/2.3.0/gems/railties-5.2.0/lib/rails/templates/rails/welcome/index.html.erb (4.8ms)
Completed 200 OK in 24ms (Views: 11.9ms | ActiveRecord: 0.0ms)


Started GET "/sender" for 127.0.0.1 at 2018-04-23 18:12:12 -0600
  
ActionController::RoutingError (No route matches [GET] "/sender"):
  
actionpack (5.2.0) lib/action_dispatch/middleware/debug_exceptions.rb:65:in `call'
web-console (3.6.1) lib/web_console/middleware.rb:135:in `call_app'
web-console (3.6.1) lib/web_console/middleware.rb:30:in `block in call'
web-console (3.6.1) lib/web_console/middleware.rb:20:in `catch'
web-console (3.6.1) lib/web_console/middleware.rb:20:in `call'
actionpack (5.2.0) lib/action_dispatch/middleware/show_exceptions.rb:33:in `call'
railties (5.2.0) lib/rails/rack/logger.rb:38:in `call_app'
railties (5.2.0) lib/rails/rack/logger.rb:26:in `block in call'
activesupport (5.2.0) lib/active_support/tagged_logging.rb:71:in `block in tagged'
activesupport (5.2.0) lib/active_support/tagged_logging.rb:28:in `tagged'
activesupport (5.2.0) lib/active_support/tagged_logging.rb:71:in `tagged'
railties (5.2.0) lib/rails/rack/logger.rb:26:in `call'
sprockets-rails (3.2.1) lib/sprockets/rails/quiet_assets.rb:13:in `call'
actionpack (5.2.0) lib/action_dispatch/middleware/remote_ip.rb:81:in `call'
actionpack (5.2.0) lib/action_dispatch/middleware/request_id.rb:27:in `call'
rack (2.0.5) lib/rack/method_override.rb:22:in `call'
rack (2.0.5) lib/rack/runtime.rb:22:in `call'
activesupport (5.2.0) lib/active_support/cache/strategy/local_cache_middleware.rb:29:in `call'
actionpack (5.2.0) lib/action_dispatch/middleware/executor.rb:14:in `call'
actionpack (5.2.0) lib/action_dispatch/middleware/static.rb:127:in `call'
rack (2.0.5) lib/rack/sendfile.rb:111:in `call'
railties (5.2.0) lib/rails/engine.rb:524:in `call'
puma (3.11.4) lib/puma/configuration.rb:225:in `call'
puma (3.11.4) lib/puma/server.rb:632:in `handle_request'
puma (3.11.4) lib/puma/server.rb:446:in `process_client'
puma (3.11.4) lib/puma/server.rb:306:in `block in run'
puma (3.11.4) lib/puma/thread_pool.rb:120:in `block in spawn_thread'
Started GET "/sender/upload" for 127.0.0.1 at 2018-04-23 18:14:47 -0600
  
ActionController::RoutingError (No route matches [GET] "/sender/upload"):
  
actionpack (5.2.0) lib/action_dispatch/middleware/debug_exceptions.rb:65:in `call'
web-console (3.6.1) lib/web_console/middleware.rb:135:in `call_app'
web-console (3.6.1) lib/web_console/middleware.rb:30:in `block in call'
web-console (3.6.1) lib/web_console/middleware.rb:20:in `catch'
web-console (3.6.1) lib/web_console/middleware.rb:20:in `call'
actionpack (5.2.0) lib/action_dispatch/middleware/show_exceptions.rb:33:in `call'
railties (5.2.0) lib/rails/rack/logger.rb:38:in `call_app'
railties (5.2.0) lib/rails/rack/logger.rb:26:in `block in call'
activesupport (5.2.0) lib/active_support/tagged_logging.rb:71:in `block in tagged'
activesupport (5.2.0) lib/active_support/tagged_logging.rb:28:in `tagged'
activesupport (5.2.0) lib/active_support/tagged_logging.rb:71:in `tagged'
railties (5.2.0) lib/rails/rack/logger.rb:26:in `call'
sprockets-rails (3.2.1) lib/sprockets/rails/quiet_assets.rb:13:in `call'
actionpack (5.2.0) lib/action_dispatch/middleware/remote_ip.rb:81:in `call'
actionpack (5.2.0) lib/action_dispatch/middleware/request_id.rb:27:in `call'
rack (2.0.5) lib/rack/method_override.rb:22:in `call'
rack (2.0.5) lib/rack/runtime.rb:22:in `call'
activesupport (5.2.0) lib/active_support/cache/strategy/local_cache_middleware.rb:29:in `call'
actionpack (5.2.0) lib/action_dispatch/middleware/executor.rb:14:in `call'
actionpack (5.2.0) lib/action_dispatch/middleware/static.rb:127:in `call'
rack (2.0.5) lib/rack/sendfile.rb:111:in `call'
railties (5.2.0) lib/rails/engine.rb:524:in `call'
puma (3.11.4) lib/puma/configuration.rb:225:in `call'
puma (3.11.4) lib/puma/server.rb:632:in `handle_request'
puma (3.11.4) lib/puma/server.rb:446:in `process_client'
puma (3.11.4) lib/puma/server.rb:306:in `block in run'
puma (3.11.4) lib/puma/thread_pool.rb:120:in `block in spawn_thread'
Started GET "/" for 127.0.0.1 at 2018-04-23 18:17:58 -0600
Processing by SenderController#upload as HTML
  Rendering sender/upload.html.erb within layouts/application
  Rendered sender/upload.html.erb within layouts/application (0.4ms)
Completed 200 OK in 760ms (Views: 757.4ms | ActiveRecord: 0.0ms)


Started GET "/" for 127.0.0.1 at 2018-04-23 18:19:23 -0600
Processing by SenderController#upload as HTML
  Rendering sender/upload.html.erb within layouts/application
  Rendered sender/upload.html.erb within layouts/application (257.0ms)
Completed 500 Internal Server Error in 260ms (ActiveRecord: 0.0ms)


  
ActionView::Template::Error (undefined local variable or method `f' for #<#<Class:0x000000028fd520>:0x007f8070068a18>):
    1: <h1>Hello World!</h1>
    2: 
    3: <p>
    4:     <%= f.label :text %><br>
    5:     <%= f.text_area :text %>
    6:   </p>
    7: 
  
app/views/sender/upload.html.erb:4:in `_app_views_sender_upload_html_erb___3350760679491482691_70094806010320'
Started GET "/" for 127.0.0.1 at 2018-04-23 18:20:30 -0600
Processing by SenderController#upload as HTML
  Rendering sender/upload.html.erb within layouts/application
  Rendered sender/upload.html.erb within layouts/application (2.6ms)
Completed 500 Internal Server Error in 6ms (ActiveRecord: 0.0ms)


  
ActionView::Template::Error (First argument in form cannot contain nil or be empty):
    1: <h1>Hello World!</h1>
    2: 
    3: <%= form_for @article do |f| %>
    4: 
    5:   <% if @article.errors.any? %>
    6:     <div id="error_explanation">
  
app/views/sender/upload.html.erb:3:in `_app_views_sender_upload_html_erb___3350760679491482691_70094924547340'
Started GET "/" for 127.0.0.1 at 2018-04-23 18:20:45 -0600
Processing by SenderController#upload as HTML
  Rendering sender/upload.html.erb within layouts/application
  Rendered sender/upload.html.erb within layouts/application (0.8ms)
Completed 200 OK in 32ms (Views: 30.4ms | ActiveRecord: 0.0ms)


Started GET "/search?utf8=%E2%9C%93&q=&commit=Search" for 127.0.0.1 at 2018-04-23 18:20:48 -0600
  
ActionController::RoutingError (No route matches [GET] "/search"):
  
actionpack (5.2.0) lib/action_dispatch/middleware/debug_exceptions.rb:65:in `call'
web-console (3.6.1) lib/web_console/middleware.rb:135:in `call_app'
web-console (3.6.1) lib/web_console/middleware.rb:30:in `block in call'
web-console (3.6.1) lib/web_console/middleware.rb:20:in `catch'
web-console (3.6.1) lib/web_console/middleware.rb:20:in `call'
actionpack (5.2.0) lib/action_dispatch/middleware/show_exceptions.rb:33:in `call'
railties (5.2.0) lib/rails/rack/logger.rb:38:in `call_app'
railties (5.2.0) lib/rails/rack/logger.rb:26:in `block in call'
activesupport (5.2.0) lib/active_support/tagged_logging.rb:71:in `block in tagged'
activesupport (5.2.0) lib/active_support/tagged_logging.rb:28:in `tagged'
activesupport (5.2.0) lib/active_support/tagged_logging.rb:71:in `tagged'
railties (5.2.0) lib/rails/rack/logger.rb:26:in `call'
sprockets-rails (3.2.1) lib/sprockets/rails/quiet_assets.rb:13:in `call'
actionpack (5.2.0) lib/action_dispatch/middleware/remote_ip.rb:81:in `call'
actionpack (5.2.0) lib/action_dispatch/middleware/request_id.rb:27:in `call'
rack (2.0.5) lib/rack/method_override.rb:22:in `call'
rack (2.0.5) lib/rack/runtime.rb:22:in `call'
activesupport (5.2.0) lib/active_support/cache/strategy/local_cache_middleware.rb:29:in `call'
actionpack (5.2.0) lib/action_dispatch/middleware/executor.rb:14:in `call'
actionpack (5.2.0) lib/action_dispatch/middleware/static.rb:127:in `call'
rack (2.0.5) lib/rack/sendfile.rb:111:in `call'
railties (5.2.0) lib/rails/engine.rb:524:in `call'
puma (3.11.4) lib/puma/configuration.rb:225:in `call'
puma (3.11.4) lib/puma/server.rb:632:in `handle_request'
puma (3.11.4) lib/puma/server.rb:446:in `process_client'
puma (3.11.4) lib/puma/server.rb:306:in `block in run'
puma (3.11.4) lib/puma/thread_pool.rb:120:in `block in spawn_thread'
Started GET "/" for 127.0.0.1 at 2018-04-23 18:21:21 -0600
Processing by SenderController#upload as HTML
  Rendering sender/upload.html.erb within layouts/application
  Rendered sender/upload.html.erb within layouts/application (3.8ms)
Completed 500 Internal Server Error in 7ms (ActiveRecord: 0.0ms)


  
ActionView::Template::Error (First argument in form cannot contain nil or be empty):
     5:   <%= file_field_tag 'picture' %>
     6: <% end %>
     7: 
     8: <%= form_for @person do |f| %>
     9:   <%= f.file_field :picture %>
    10: <% end %>
  
app/views/sender/upload.html.erb:8:in `_app_views_sender_upload_html_erb___3350760679491482691_70094924547640'
Started GET "/" for 127.0.0.1 at 2018-04-23 18:21:47 -0600
Processing by SenderController#upload as HTML
  Rendering sender/upload.html.erb within layouts/application
  Rendered sender/upload.html.erb within layouts/application (1.4ms)
Completed 200 OK in 22ms (Views: 20.7ms | ActiveRecord: 0.0ms)


Started GET "/" for 127.0.0.1 at 2018-04-23 18:23:00 -0600
Processing by SenderController#upload as HTML
  Rendering sender/upload.html.erb within layouts/application
  Rendered sender/upload.html.erb within layouts/application (1.7ms)
Completed 200 OK in 34ms (Views: 32.3ms | ActiveRecord: 0.0ms)


Started POST "/" for 127.0.0.1 at 2018-04-23 18:23:04 -0600
  
ActionController::RoutingError (No route matches [POST] "/"):
  
actionpack (5.2.0) lib/action_dispatch/middleware/debug_exceptions.rb:65:in `call'
web-console (3.6.1) lib/web_console/middleware.rb:135:in `call_app'
web-console (3.6.1) lib/web_console/middleware.rb:30:in `block in call'
web-console (3.6.1) lib/web_console/middleware.rb:20:in `catch'
web-console (3.6.1) lib/web_console/middleware.rb:20:in `call'
actionpack (5.2.0) lib/action_dispatch/middleware/show_exceptions.rb:33:in `call'
railties (5.2.0) lib/rails/rack/logger.rb:38:in `call_app'
railties (5.2.0) lib/rails/rack/logger.rb:26:in `block in call'
activesupport (5.2.0) lib/active_support/tagged_logging.rb:71:in `block in tagged'
activesupport (5.2.0) lib/active_support/tagged_logging.rb:28:in `tagged'
activesupport (5.2.0) lib/active_support/tagged_logging.rb:71:in `tagged'
railties (5.2.0) lib/rails/rack/logger.rb:26:in `call'
sprockets-rails (3.2.1) lib/sprockets/rails/quiet_assets.rb:13:in `call'
actionpack (5.2.0) lib/action_dispatch/middleware/remote_ip.rb:81:in `call'
actionpack (5.2.0) lib/action_dispatch/middleware/request_id.rb:27:in `call'
rack (2.0.5) lib/rack/method_override.rb:22:in `call'
rack (2.0.5) lib/rack/runtime.rb:22:in `call'
activesupport (5.2.0) lib/active_support/cache/strategy/local_cache_middleware.rb:29:in `call'
actionpack (5.2.0) lib/action_dispatch/middleware/executor.rb:14:in `call'
actionpack (5.2.0) lib/action_dispatch/middleware/static.rb:127:in `call'
rack (2.0.5) lib/rack/sendfile.rb:111:in `call'
railties (5.2.0) lib/rails/engine.rb:524:in `call'
puma (3.11.4) lib/puma/configuration.rb:225:in `call'
puma (3.11.4) lib/puma/server.rb:632:in `handle_request'
puma (3.11.4) lib/puma/server.rb:446:in `process_client'
puma (3.11.4) lib/puma/server.rb:306:in `block in run'
puma (3.11.4) lib/puma/thread_pool.rb:120:in `block in spawn_thread'
Started GET "/" for 127.0.0.1 at 2018-04-23 18:24:33 -0600
Processing by SenderController#upload as HTML
  Rendering sender/upload.html.erb within layouts/application
  Rendered sender/upload.html.erb within layouts/application (1.1ms)
Completed 200 OK in 19ms (Views: 17.1ms | ActiveRecord: 0.0ms)


Started POST "/" for 127.0.0.1 at 2018-04-23 18:24:37 -0600
  
ActionController::RoutingError (No route matches [POST] "/"):
  
actionpack (5.2.0) lib/action_dispatch/middleware/debug_exceptions.rb:65:in `call'
web-console (3.6.1) lib/web_console/middleware.rb:135:in `call_app'
web-console (3.6.1) lib/web_console/middleware.rb:30:in `block in call'
web-console (3.6.1) lib/web_console/middleware.rb:20:in `catch'
web-console (3.6.1) lib/web_console/middleware.rb:20:in `call'
actionpack (5.2.0) lib/action_dispatch/middleware/show_exceptions.rb:33:in `call'
railties (5.2.0) lib/rails/rack/logger.rb:38:in `call_app'
railties (5.2.0) lib/rails/rack/logger.rb:26:in `block in call'
activesupport (5.2.0) lib/active_support/tagged_logging.rb:71:in `block in tagged'
activesupport (5.2.0) lib/active_support/tagged_logging.rb:28:in `tagged'
activesupport (5.2.0) lib/active_support/tagged_logging.rb:71:in `tagged'
railties (5.2.0) lib/rails/rack/logger.rb:26:in `call'
sprockets-rails (3.2.1) lib/sprockets/rails/quiet_assets.rb:13:in `call'
actionpack (5.2.0) lib/action_dispatch/middleware/remote_ip.rb:81:in `call'
actionpack (5.2.0) lib/action_dispatch/middleware/request_id.rb:27:in `call'
rack (2.0.5) lib/rack/method_override.rb:22:in `call'
rack (2.0.5) lib/rack/runtime.rb:22:in `call'
activesupport (5.2.0) lib/active_support/cache/strategy/local_cache_middleware.rb:29:in `call'
actionpack (5.2.0) lib/action_dispatch/middleware/executor.rb:14:in `call'
actionpack (5.2.0) lib/action_dispatch/middleware/static.rb:127:in `call'
rack (2.0.5) lib/rack/sendfile.rb:111:in `call'
railties (5.2.0) lib/rails/engine.rb:524:in `call'
puma (3.11.4) lib/puma/configuration.rb:225:in `call'
puma (3.11.4) lib/puma/server.rb:632:in `handle_request'
puma (3.11.4) lib/puma/server.rb:446:in `process_client'
puma (3.11.4) lib/puma/server.rb:306:in `block in run'
puma (3.11.4) lib/puma/thread_pool.rb:120:in `block in spawn_thread'
Started POST "/" for 127.0.0.1 at 2018-04-23 18:29:45 -0600
  
ActionController::RoutingError (No route matches [POST] "/"):
  
actionpack (5.2.0) lib/action_dispatch/middleware/debug_exceptions.rb:65:in `call'
web-console (3.6.1) lib/web_console/middleware.rb:135:in `call_app'
web-console (3.6.1) lib/web_console/middleware.rb:30:in `block in call'
web-console (3.6.1) lib/web_console/middleware.rb:20:in `catch'
web-console (3.6.1) lib/web_console/middleware.rb:20:in `call'
actionpack (5.2.0) lib/action_dispatch/middleware/show_exceptions.rb:33:in `call'
railties (5.2.0) lib/rails/rack/logger.rb:38:in `call_app'
railties (5.2.0) lib/rails/rack/logger.rb:26:in `block in call'
activesupport (5.2.0) lib/active_support/tagged_logging.rb:71:in `block in tagged'
activesupport (5.2.0) lib/active_support/tagged_logging.rb:28:in `tagged'
activesupport (5.2.0) lib/active_support/tagged_logging.rb:71:in `tagged'
railties (5.2.0) lib/rails/rack/logger.rb:26:in `call'
sprockets-rails (3.2.1) lib/sprockets/rails/quiet_assets.rb:13:in `call'
actionpack (5.2.0) lib/action_dispatch/middleware/remote_ip.rb:81:in `call'
actionpack (5.2.0) lib/action_dispatch/middleware/request_id.rb:27:in `call'
rack (2.0.5) lib/rack/method_override.rb:22:in `call'
rack (2.0.5) lib/rack/runtime.rb:22:in `call'
activesupport (5.2.0) lib/active_support/cache/strategy/local_cache_middleware.rb:29:in `call'
actionpack (5.2.0) lib/action_dispatch/middleware/executor.rb:14:in `call'
actionpack (5.2.0) lib/action_dispatch/middleware/static.rb:127:in `call'
rack (2.0.5) lib/rack/sendfile.rb:111:in `call'
railties (5.2.0) lib/rails/engine.rb:524:in `call'
puma (3.11.4) lib/puma/configuration.rb:225:in `call'
puma (3.11.4) lib/puma/server.rb:632:in `handle_request'
puma (3.11.4) lib/puma/server.rb:446:in `process_client'
puma (3.11.4) lib/puma/server.rb:306:in `block in run'
puma (3.11.4) lib/puma/thread_pool.rb:120:in `block in spawn_thread'
Started GET "/" for 127.0.0.1 at 2018-04-23 18:29:49 -0600
Processing by SenderController#upload as HTML
  Rendering sender/upload.html.erb within layouts/application
  Rendered sender/upload.html.erb within layouts/application (2.0ms)
Completed 200 OK in 30ms (Views: 28.4ms | ActiveRecord: 0.0ms)


Started GET "/" for 127.0.0.1 at 2018-04-23 18:30:03 -0600
Processing by SenderController#upload as HTML
  Rendering sender/upload.html.erb within layouts/application
  Rendered sender/upload.html.erb within layouts/application (3.1ms)
Completed 200 OK in 32ms (Views: 31.0ms | ActiveRecord: 0.0ms)


Started GET "/" for 127.0.0.1 at 2018-04-23 18:30:11 -0600
Processing by SenderController#upload as HTML
  Rendering sender/upload.html.erb within layouts/application
  Rendered sender/upload.html.erb within layouts/application (1.8ms)
Completed 200 OK in 25ms (Views: 23.5ms | ActiveRecord: 0.0ms)


Started GET "/" for 127.0.0.1 at 2018-04-23 18:31:22 -0600
Processing by SenderController#upload as HTML
  Rendering sender/upload.html.erb within layouts/application
  Rendered sender/upload.html.erb within layouts/application (1.5ms)
Completed 200 OK in 19ms (Views: 18.3ms | ActiveRecord: 0.0ms)


Started POST "/sender/getFile" for 127.0.0.1 at 2018-04-23 18:31:24 -0600
  
ActionController::RoutingError (No route matches [POST] "/sender/getFile"):
  
actionpack (5.2.0) lib/action_dispatch/middleware/debug_exceptions.rb:65:in `call'
web-console (3.6.1) lib/web_console/middleware.rb:135:in `call_app'
web-console (3.6.1) lib/web_console/middleware.rb:30:in `block in call'
web-console (3.6.1) lib/web_console/middleware.rb:20:in `catch'
web-console (3.6.1) lib/web_console/middleware.rb:20:in `call'
actionpack (5.2.0) lib/action_dispatch/middleware/show_exceptions.rb:33:in `call'
railties (5.2.0) lib/rails/rack/logger.rb:38:in `call_app'
railties (5.2.0) lib/rails/rack/logger.rb:26:in `block in call'
activesupport (5.2.0) lib/active_support/tagged_logging.rb:71:in `block in tagged'
activesupport (5.2.0) lib/active_support/tagged_logging.rb:28:in `tagged'
activesupport (5.2.0) lib/active_support/tagged_logging.rb:71:in `tagged'
railties (5.2.0) lib/rails/rack/logger.rb:26:in `call'
sprockets-rails (3.2.1) lib/sprockets/rails/quiet_assets.rb:13:in `call'
actionpack (5.2.0) lib/action_dispatch/middleware/remote_ip.rb:81:in `call'
actionpack (5.2.0) lib/action_dispatch/middleware/request_id.rb:27:in `call'
rack (2.0.5) lib/rack/method_override.rb:22:in `call'
rack (2.0.5) lib/rack/runtime.rb:22:in `call'
activesupport (5.2.0) lib/active_support/cache/strategy/local_cache_middleware.rb:29:in `call'
actionpack (5.2.0) lib/action_dispatch/middleware/executor.rb:14:in `call'
actionpack (5.2.0) lib/action_dispatch/middleware/static.rb:127:in `call'
rack (2.0.5) lib/rack/sendfile.rb:111:in `call'
railties (5.2.0) lib/rails/engine.rb:524:in `call'
puma (3.11.4) lib/puma/configuration.rb:225:in `call'
puma (3.11.4) lib/puma/server.rb:632:in `handle_request'
puma (3.11.4) lib/puma/server.rb:446:in `process_client'
puma (3.11.4) lib/puma/server.rb:306:in `block in run'
puma (3.11.4) lib/puma/thread_pool.rb:120:in `block in spawn_thread'
Started GET "/" for 127.0.0.1 at 2018-04-23 18:32:43 -0600
Processing by SenderController#upload as HTML
  Rendering sender/upload.html.erb within layouts/application
  Rendered sender/upload.html.erb within layouts/application (1.8ms)
Completed 200 OK in 18ms (Views: 16.8ms | ActiveRecord: 0.0ms)


Started GET "/" for 127.0.0.1 at 2018-04-23 18:32:44 -0600
Processing by SenderController#upload as HTML
  Rendering sender/upload.html.erb within layouts/application
  Rendered sender/upload.html.erb within layouts/application (3.3ms)
Completed 200 OK in 30ms (Views: 27.3ms | ActiveRecord: 0.0ms)


Started POST "/sender/getFile" for 127.0.0.1 at 2018-04-23 18:32:45 -0600
  
ActionController::RoutingError (No route matches [POST] "/sender/getFile"):
  
actionpack (5.2.0) lib/action_dispatch/middleware/debug_exceptions.rb:65:in `call'
web-console (3.6.1) lib/web_console/middleware.rb:135:in `call_app'
web-console (3.6.1) lib/web_console/middleware.rb:30:in `block in call'
web-console (3.6.1) lib/web_console/middleware.rb:20:in `catch'
web-console (3.6.1) lib/web_console/middleware.rb:20:in `call'
actionpack (5.2.0) lib/action_dispatch/middleware/show_exceptions.rb:33:in `call'
railties (5.2.0) lib/rails/rack/logger.rb:38:in `call_app'
railties (5.2.0) lib/rails/rack/logger.rb:26:in `block in call'
activesupport (5.2.0) lib/active_support/tagged_logging.rb:71:in `block in tagged'
activesupport (5.2.0) lib/active_support/tagged_logging.rb:28:in `tagged'
activesupport (5.2.0) lib/active_support/tagged_logging.rb:71:in `tagged'
railties (5.2.0) lib/rails/rack/logger.rb:26:in `call'
sprockets-rails (3.2.1) lib/sprockets/rails/quiet_assets.rb:13:in `call'
actionpack (5.2.0) lib/action_dispatch/middleware/remote_ip.rb:81:in `call'
actionpack (5.2.0) lib/action_dispatch/middleware/request_id.rb:27:in `call'
rack (2.0.5) lib/rack/method_override.rb:22:in `call'
rack (2.0.5) lib/rack/runtime.rb:22:in `call'
activesupport (5.2.0) lib/active_support/cache/strategy/local_cache_middleware.rb:29:in `call'
actionpack (5.2.0) lib/action_dispatch/middleware/executor.rb:14:in `call'
actionpack (5.2.0) lib/action_dispatch/middleware/static.rb:127:in `call'
rack (2.0.5) lib/rack/sendfile.rb:111:in `call'
railties (5.2.0) lib/rails/engine.rb:524:in `call'
puma (3.11.4) lib/puma/configuration.rb:225:in `call'
puma (3.11.4) lib/puma/server.rb:632:in `handle_request'
puma (3.11.4) lib/puma/server.rb:446:in `process_client'
puma (3.11.4) lib/puma/server.rb:306:in `block in run'
puma (3.11.4) lib/puma/thread_pool.rb:120:in `block in spawn_thread'
Started GET "/" for 127.0.0.1 at 2018-04-23 18:33:27 -0600
Processing by SenderController#upload as HTML
  Rendering sender/upload.html.erb within layouts/application
  Rendered sender/upload.html.erb within layouts/application (2.7ms)
Completed 200 OK in 31ms (Views: 27.9ms | ActiveRecord: 0.0ms)


Started POST "/sender/id" for 127.0.0.1 at 2018-04-23 18:33:28 -0600
  
ActionController::RoutingError (No route matches [POST] "/sender/id"):
  
actionpack (5.2.0) lib/action_dispatch/middleware/debug_exceptions.rb:65:in `call'
web-console (3.6.1) lib/web_console/middleware.rb:135:in `call_app'
web-console (3.6.1) lib/web_console/middleware.rb:30:in `block in call'
web-console (3.6.1) lib/web_console/middleware.rb:20:in `catch'
web-console (3.6.1) lib/web_console/middleware.rb:20:in `call'
actionpack (5.2.0) lib/action_dispatch/middleware/show_exceptions.rb:33:in `call'
railties (5.2.0) lib/rails/rack/logger.rb:38:in `call_app'
railties (5.2.0) lib/rails/rack/logger.rb:26:in `block in call'
activesupport (5.2.0) lib/active_support/tagged_logging.rb:71:in `block in tagged'
activesupport (5.2.0) lib/active_support/tagged_logging.rb:28:in `tagged'
activesupport (5.2.0) lib/active_support/tagged_logging.rb:71:in `tagged'
railties (5.2.0) lib/rails/rack/logger.rb:26:in `call'
sprockets-rails (3.2.1) lib/sprockets/rails/quiet_assets.rb:13:in `call'
actionpack (5.2.0) lib/action_dispatch/middleware/remote_ip.rb:81:in `call'
actionpack (5.2.0) lib/action_dispatch/middleware/request_id.rb:27:in `call'
rack (2.0.5) lib/rack/method_override.rb:22:in `call'
rack (2.0.5) lib/rack/runtime.rb:22:in `call'
activesupport (5.2.0) lib/active_support/cache/strategy/local_cache_middleware.rb:29:in `call'
actionpack (5.2.0) lib/action_dispatch/middleware/executor.rb:14:in `call'
actionpack (5.2.0) lib/action_dispatch/middleware/static.rb:127:in `call'
rack (2.0.5) lib/rack/sendfile.rb:111:in `call'
railties (5.2.0) lib/rails/engine.rb:524:in `call'
puma (3.11.4) lib/puma/configuration.rb:225:in `call'
puma (3.11.4) lib/puma/server.rb:632:in `handle_request'
puma (3.11.4) lib/puma/server.rb:446:in `process_client'
puma (3.11.4) lib/puma/server.rb:306:in `block in run'
puma (3.11.4) lib/puma/thread_pool.rb:120:in `block in spawn_thread'
Started GET "/" for 127.0.0.1 at 2018-04-23 18:33:39 -0600
Processing by SenderController#upload as HTML
  Rendering sender/upload.html.erb within layouts/application
  Rendered sender/upload.html.erb within layouts/application (1.5ms)
Completed 200 OK in 21ms (Views: 19.1ms | ActiveRecord: 0.0ms)


Started POST "/sender/:id" for 127.0.0.1 at 2018-04-23 18:33:40 -0600
  
ActionController::RoutingError (No route matches [POST] "/sender/:id"):
  
actionpack (5.2.0) lib/action_dispatch/middleware/debug_exceptions.rb:65:in `call'
web-console (3.6.1) lib/web_console/middleware.rb:135:in `call_app'
web-console (3.6.1) lib/web_console/middleware.rb:30:in `block in call'
web-console (3.6.1) lib/web_console/middleware.rb:20:in `catch'
web-console (3.6.1) lib/web_console/middleware.rb:20:in `call'
actionpack (5.2.0) lib/action_dispatch/middleware/show_exceptions.rb:33:in `call'
railties (5.2.0) lib/rails/rack/logger.rb:38:in `call_app'
railties (5.2.0) lib/rails/rack/logger.rb:26:in `block in call'
activesupport (5.2.0) lib/active_support/tagged_logging.rb:71:in `block in tagged'
activesupport (5.2.0) lib/active_support/tagged_logging.rb:28:in `tagged'
activesupport (5.2.0) lib/active_support/tagged_logging.rb:71:in `tagged'
railties (5.2.0) lib/rails/rack/logger.rb:26:in `call'
sprockets-rails (3.2.1) lib/sprockets/rails/quiet_assets.rb:13:in `call'
actionpack (5.2.0) lib/action_dispatch/middleware/remote_ip.rb:81:in `call'
actionpack (5.2.0) lib/action_dispatch/middleware/request_id.rb:27:in `call'
rack (2.0.5) lib/rack/method_override.rb:22:in `call'
rack (2.0.5) lib/rack/runtime.rb:22:in `call'
activesupport (5.2.0) lib/active_support/cache/strategy/local_cache_middleware.rb:29:in `call'
actionpack (5.2.0) lib/action_dispatch/middleware/executor.rb:14:in `call'
actionpack (5.2.0) lib/action_dispatch/middleware/static.rb:127:in `call'
rack (2.0.5) lib/rack/sendfile.rb:111:in `call'
railties (5.2.0) lib/rails/engine.rb:524:in `call'
puma (3.11.4) lib/puma/configuration.rb:225:in `call'
puma (3.11.4) lib/puma/server.rb:632:in `handle_request'
puma (3.11.4) lib/puma/server.rb:446:in `process_client'
puma (3.11.4) lib/puma/server.rb:306:in `block in run'
puma (3.11.4) lib/puma/thread_pool.rb:120:in `block in spawn_thread'
Started GET "/" for 127.0.0.1 at 2018-04-23 18:33:57 -0600
Processing by SenderController#upload as HTML
  Rendering sender/upload.html.erb within layouts/application
  Rendered sender/upload.html.erb within layouts/application (2.0ms)
Completed 200 OK in 24ms (Views: 22.6ms | ActiveRecord: 0.0ms)


Started POST "/sender" for 127.0.0.1 at 2018-04-23 18:33:58 -0600
  
AbstractController::ActionNotFound (The action 'create' could not be found for SenderController):
  
actionpack (5.2.0) lib/abstract_controller/base.rb:129:in `process'
actionview (5.2.0) lib/action_view/rendering.rb:32:in `process'
actionpack (5.2.0) lib/action_controller/metal.rb:191:in `dispatch'
actionpack (5.2.0) lib/action_controller/metal.rb:252:in `dispatch'
actionpack (5.2.0) lib/action_dispatch/routing/route_set.rb:52:in `dispatch'
actionpack (5.2.0) lib/action_dispatch/routing/route_set.rb:34:in `serve'
actionpack (5.2.0) lib/action_dispatch/journey/router.rb:52:in `block in serve'
actionpack (5.2.0) lib/action_dispatch/journey/router.rb:35:in `each'
actionpack (5.2.0) lib/action_dispatch/journey/router.rb:35:in `serve'
actionpack (5.2.0) lib/action_dispatch/routing/route_set.rb:840:in `call'
rack (2.0.5) lib/rack/tempfile_reaper.rb:15:in `call'
rack (2.0.5) lib/rack/etag.rb:25:in `call'
rack (2.0.5) lib/rack/conditional_get.rb:38:in `call'
rack (2.0.5) lib/rack/head.rb:12:in `call'
actionpack (5.2.0) lib/action_dispatch/http/content_security_policy.rb:18:in `call'
rack (2.0.5) lib/rack/session/abstract/id.rb:232:in `context'
rack (2.0.5) lib/rack/session/abstract/id.rb:226:in `call'
actionpack (5.2.0) lib/action_dispatch/middleware/cookies.rb:670:in `call'
activerecord (5.2.0) lib/active_record/migration.rb:559:in `call'
actionpack (5.2.0) lib/action_dispatch/middleware/callbacks.rb:28:in `block in call'
activesupport (5.2.0) lib/active_support/callbacks.rb:98:in `run_callbacks'
actionpack (5.2.0) lib/action_dispatch/middleware/callbacks.rb:26:in `call'
actionpack (5.2.0) lib/action_dispatch/middleware/executor.rb:14:in `call'
actionpack (5.2.0) lib/action_dispatch/middleware/debug_exceptions.rb:61:in `call'
web-console (3.6.1) lib/web_console/middleware.rb:135:in `call_app'
web-console (3.6.1) lib/web_console/middleware.rb:30:in `block in call'
web-console (3.6.1) lib/web_console/middleware.rb:20:in `catch'
web-console (3.6.1) lib/web_console/middleware.rb:20:in `call'
actionpack (5.2.0) lib/action_dispatch/middleware/show_exceptions.rb:33:in `call'
railties (5.2.0) lib/rails/rack/logger.rb:38:in `call_app'
railties (5.2.0) lib/rails/rack/logger.rb:26:in `block in call'
activesupport (5.2.0) lib/active_support/tagged_logging.rb:71:in `block in tagged'
activesupport (5.2.0) lib/active_support/tagged_logging.rb:28:in `tagged'
activesupport (5.2.0) lib/active_support/tagged_logging.rb:71:in `tagged'
railties (5.2.0) lib/rails/rack/logger.rb:26:in `call'
sprockets-rails (3.2.1) lib/sprockets/rails/quiet_assets.rb:13:in `call'
actionpack (5.2.0) lib/action_dispatch/middleware/remote_ip.rb:81:in `call'
actionpack (5.2.0) lib/action_dispatch/middleware/request_id.rb:27:in `call'
rack (2.0.5) lib/rack/method_override.rb:22:in `call'
rack (2.0.5) lib/rack/runtime.rb:22:in `call'
activesupport (5.2.0) lib/active_support/cache/strategy/local_cache_middleware.rb:29:in `call'
actionpack (5.2.0) lib/action_dispatch/middleware/executor.rb:14:in `call'
actionpack (5.2.0) lib/action_dispatch/middleware/static.rb:127:in `call'
rack (2.0.5) lib/rack/sendfile.rb:111:in `call'
railties (5.2.0) lib/rails/engine.rb:524:in `call'
puma (3.11.4) lib/puma/configuration.rb:225:in `call'
puma (3.11.4) lib/puma/server.rb:632:in `handle_request'
puma (3.11.4) lib/puma/server.rb:446:in `process_client'
puma (3.11.4) lib/puma/server.rb:306:in `block in run'
puma (3.11.4) lib/puma/thread_pool.rb:120:in `block in spawn_thread'
Started GET "/" for 127.0.0.1 at 2018-04-23 18:34:20 -0600
Processing by SenderController#upload as HTML
  Rendering sender/upload.html.erb within layouts/application
  Rendered sender/upload.html.erb within layouts/application (1.6ms)
Completed 200 OK in 22ms (Views: 20.3ms | ActiveRecord: 0.0ms)


Started POST "/sender" for 127.0.0.1 at 2018-04-23 18:34:21 -0600
Processing by SenderController#create as HTML
  Parameters: {"utf8"=>"✓", "authenticity_token"=>"Pd4YDvDf05leNR+eKqos4UW91t8cDEsfTBPmMyEYEu2NLr7UEKvnlwEeffbF8DgDPeehzdegsl8wH5G/sWma0Q==", "subject"=>"{:class=>\"form-control\"}", "commit"=>"Submit"}
No template found for SenderController#create, rendering head :no_content
Completed 204 No Content in 21ms (ActiveRecord: 0.0ms)


Started GET "/" for 127.0.0.1 at 2018-04-23 18:36:04 -0600
Processing by SenderController#upload as HTML
  Rendering sender/upload.html.erb within layouts/application
  Rendered sender/upload.html.erb within layouts/application (1.6ms)
Completed 200 OK in 19ms (Views: 17.8ms | ActiveRecord: 0.0ms)


Started POST "/sender" for 127.0.0.1 at 2018-04-23 18:36:05 -0600
Processing by SenderController#create as HTML
  Parameters: {"utf8"=>"✓", "authenticity_token"=>"j9M59WwBt3+z8FZXEmSbEq2i2v1LfTSeAplnHE7Z5Vk/I58vjHWDcezbND/9Po/w1fit74DRzd5+lRCQ3qhtZQ==", "subject"=>"{:class=>\"form-control\"}", "commit"=>"Submit"}
Completed 500 Internal Server Error in 1ms (ActiveRecord: 0.0ms)


  
ActionController::UrlGenerationError (No route matches {:action=>"show", :controller=>"sender"}, missing required keys: [:id]):
  
app/controllers/sender_controller.rb:13:in `create'
Started GET "/" for 127.0.0.1 at 2018-04-23 18:36:36 -0600
Processing by SenderController#upload as HTML
  Rendering sender/upload.html.erb within layouts/application
  Rendered sender/upload.html.erb within layouts/application (1.6ms)
Completed 200 OK in 20ms (Views: 19.2ms | ActiveRecord: 0.0ms)


Started POST "/sender" for 127.0.0.1 at 2018-04-23 18:36:36 -0600
Processing by SenderController#create as HTML
  Parameters: {"utf8"=>"✓", "authenticity_token"=>"OrFmo1S0zysLgkxZzHHF8aJK5UUp5S+EHY4aUM9fA/6KQcB5tMD7JVSpLjEjK9ET2hCSV+JJ1sRhgm3cXy6Lwg==", "subject"=>"{:class=>\"form-control\"}", "commit"=>"Submit"}
Completed 500 Internal Server Error in 135ms (ActiveRecord: 0.0ms)


  
NameError (undefined local variable or method `root' for #<SenderController:0x007f807de23fb0>):
  
app/controllers/sender_controller.rb:13:in `create'
Started POST "/sender" for 127.0.0.1 at 2018-04-23 18:36:54 -0600
Processing by SenderController#create as HTML
  Parameters: {"utf8"=>"✓", "authenticity_token"=>"OrFmo1S0zysLgkxZzHHF8aJK5UUp5S+EHY4aUM9fA/6KQcB5tMD7JVSpLjEjK9ET2hCSV+JJ1sRhgm3cXy6Lwg==", "subject"=>"{:class=>\"form-control\"}", "commit"=>"Submit"}
Redirected to http://localhost:3000sender#upload
Completed 302 Found in 2ms (ActiveRecord: 0.0ms)


Started POST "/sender" for 127.0.0.1 at 2018-04-23 18:36:57 -0600
Processing by SenderController#create as HTML
  Parameters: {"utf8"=>"✓", "authenticity_token"=>"OrFmo1S0zysLgkxZzHHF8aJK5UUp5S+EHY4aUM9fA/6KQcB5tMD7JVSpLjEjK9ET2hCSV+JJ1sRhgm3cXy6Lwg==", "subject"=>"{:class=>\"form-control\"}", "commit"=>"Submit"}
Redirected to http://localhost:3000sender#upload
Completed 302 Found in 2ms (ActiveRecord: 0.0ms)


Started GET "/" for 127.0.0.1 at 2018-04-23 18:37:03 -0600
Processing by SenderController#upload as HTML
  Rendering sender/upload.html.erb within layouts/application
  Rendered sender/upload.html.erb within layouts/application (2.9ms)
Completed 200 OK in 27ms (Views: 25.6ms | ActiveRecord: 0.0ms)


Started POST "/sender" for 127.0.0.1 at 2018-04-23 18:37:04 -0600
Processing by SenderController#create as HTML
  Parameters: {"utf8"=>"✓", "authenticity_token"=>"sUC8lHrp8/EXnO14WPRf4nMJ5Nl0A2UAyPCGGaCD0x0BsBpOmp3H/0i3jxC3rksAC1OTy7+vnEC0/PGVMPJbIQ==", "subject"=>"{:class=>\"form-control\"}", "commit"=>"Submit"}
Redirected to http://localhost:3000sender/upload
Completed 302 Found in 2ms (ActiveRecord: 0.0ms)


Started GET "/" for 127.0.0.1 at 2018-04-23 18:37:29 -0600
Processing by SenderController#upload as HTML
  Rendering sender/upload.html.erb within layouts/application
  Rendered sender/upload.html.erb within layouts/application (1.9ms)
Completed 200 OK in 23ms (Views: 21.5ms | ActiveRecord: 0.0ms)


Started POST "/sender" for 127.0.0.1 at 2018-04-23 18:37:30 -0600
Processing by SenderController#create as HTML
  Parameters: {"utf8"=>"✓", "authenticity_token"=>"m+rKtCixTMxtjXVS+kPcLXbWspAoGq9iemBPNGJk2FkrGmxuyMV4wjKmFzoVGcjPDozFguO2ViIGbDi48hVQZQ==", "subject"=>"{:class=>\"form-control\"}", "commit"=>"Submit"}
Redirected to http://localhost:3000sender/upload
Completed 302 Found in 1ms (ActiveRecord: 0.0ms)


Started POST "/sender" for 127.0.0.1 at 2018-04-23 18:37:33 -0600
Processing by SenderController#create as HTML
  Parameters: {"utf8"=>"✓", "authenticity_token"=>"m+rKtCixTMxtjXVS+kPcLXbWspAoGq9iemBPNGJk2FkrGmxuyMV4wjKmFzoVGcjPDozFguO2ViIGbDi48hVQZQ==", "subject"=>"{:class=>\"form-control\"}", "commit"=>"Submit"}
Redirected to http://localhost:3000sender/upload
Completed 302 Found in 1ms (ActiveRecord: 0.0ms)


Started GET "/" for 127.0.0.1 at 2018-04-23 18:37:59 -0600
Processing by SenderController#upload as HTML
  Rendering sender/upload.html.erb within layouts/application
  Rendered sender/upload.html.erb within layouts/application (2.1ms)
Completed 200 OK in 26ms (Views: 23.2ms | ActiveRecord: 0.0ms)


Started POST "/sender/upload" for 127.0.0.1 at 2018-04-23 18:38:00 -0600
  
ActionController::RoutingError (No route matches [POST] "/sender/upload"):
  
actionpack (5.2.0) lib/action_dispatch/middleware/debug_exceptions.rb:65:in `call'
web-console (3.6.1) lib/web_console/middleware.rb:135:in `call_app'
web-console (3.6.1) lib/web_console/middleware.rb:30:in `block in call'
web-console (3.6.1) lib/web_console/middleware.rb:20:in `catch'
web-console (3.6.1) lib/web_console/middleware.rb:20:in `call'
actionpack (5.2.0) lib/action_dispatch/middleware/show_exceptions.rb:33:in `call'
railties (5.2.0) lib/rails/rack/logger.rb:38:in `call_app'
railties (5.2.0) lib/rails/rack/logger.rb:26:in `block in call'
activesupport (5.2.0) lib/active_support/tagged_logging.rb:71:in `block in tagged'
activesupport (5.2.0) lib/active_support/tagged_logging.rb:28:in `tagged'
activesupport (5.2.0) lib/active_support/tagged_logging.rb:71:in `tagged'
railties (5.2.0) lib/rails/rack/logger.rb:26:in `call'
sprockets-rails (3.2.1) lib/sprockets/rails/quiet_assets.rb:13:in `call'
actionpack (5.2.0) lib/action_dispatch/middleware/remote_ip.rb:81:in `call'
actionpack (5.2.0) lib/action_dispatch/middleware/request_id.rb:27:in `call'
rack (2.0.5) lib/rack/method_override.rb:22:in `call'
rack (2.0.5) lib/rack/runtime.rb:22:in `call'
activesupport (5.2.0) lib/active_support/cache/strategy/local_cache_middleware.rb:29:in `call'
actionpack (5.2.0) lib/action_dispatch/middleware/executor.rb:14:in `call'
actionpack (5.2.0) lib/action_dispatch/middleware/static.rb:127:in `call'
rack (2.0.5) lib/rack/sendfile.rb:111:in `call'
railties (5.2.0) lib/rails/engine.rb:524:in `call'
puma (3.11.4) lib/puma/configuration.rb:225:in `call'
puma (3.11.4) lib/puma/server.rb:632:in `handle_request'
puma (3.11.4) lib/puma/server.rb:446:in `process_client'
puma (3.11.4) lib/puma/server.rb:306:in `block in run'
puma (3.11.4) lib/puma/thread_pool.rb:120:in `block in spawn_thread'
Started GET "/" for 127.0.0.1 at 2018-04-24 14:56:05 -0600
Processing by SenderController#upload as HTML
  Rendering sender/upload.html.erb within layouts/application
  Rendered sender/upload.html.erb within layouts/application (5.3ms)
Completed 200 OK in 297ms (Views: 285.8ms | ActiveRecord: 0.0ms)


Started POST "/sender/upload" for 127.0.0.1 at 2018-04-24 14:56:15 -0600
  
ActionController::RoutingError (No route matches [POST] "/sender/upload"):
  
actionpack (5.2.0) lib/action_dispatch/middleware/debug_exceptions.rb:65:in `call'
web-console (3.6.1) lib/web_console/middleware.rb:135:in `call_app'
web-console (3.6.1) lib/web_console/middleware.rb:30:in `block in call'
web-console (3.6.1) lib/web_console/middleware.rb:20:in `catch'
web-console (3.6.1) lib/web_console/middleware.rb:20:in `call'
actionpack (5.2.0) lib/action_dispatch/middleware/show_exceptions.rb:33:in `call'
railties (5.2.0) lib/rails/rack/logger.rb:38:in `call_app'
railties (5.2.0) lib/rails/rack/logger.rb:26:in `block in call'
activesupport (5.2.0) lib/active_support/tagged_logging.rb:71:in `block in tagged'
activesupport (5.2.0) lib/active_support/tagged_logging.rb:28:in `tagged'
activesupport (5.2.0) lib/active_support/tagged_logging.rb:71:in `tagged'
railties (5.2.0) lib/rails/rack/logger.rb:26:in `call'
sprockets-rails (3.2.1) lib/sprockets/rails/quiet_assets.rb:13:in `call'
actionpack (5.2.0) lib/action_dispatch/middleware/remote_ip.rb:81:in `call'
actionpack (5.2.0) lib/action_dispatch/middleware/request_id.rb:27:in `call'
rack (2.0.5) lib/rack/method_override.rb:22:in `call'
rack (2.0.5) lib/rack/runtime.rb:22:in `call'
activesupport (5.2.0) lib/active_support/cache/strategy/local_cache_middleware.rb:29:in `call'
actionpack (5.2.0) lib/action_dispatch/middleware/executor.rb:14:in `call'
actionpack (5.2.0) lib/action_dispatch/middleware/static.rb:127:in `call'
rack (2.0.5) lib/rack/sendfile.rb:111:in `call'
railties (5.2.0) lib/rails/engine.rb:524:in `call'
puma (3.11.4) lib/puma/configuration.rb:225:in `call'
puma (3.11.4) lib/puma/server.rb:632:in `handle_request'
puma (3.11.4) lib/puma/server.rb:446:in `process_client'
puma (3.11.4) lib/puma/server.rb:306:in `block in run'
puma (3.11.4) lib/puma/thread_pool.rb:120:in `block in spawn_thread'
Started POST "/sender/upload" for 127.0.0.1 at 2018-04-24 14:57:11 -0600
  
ActionController::RoutingError (No route matches [POST] "/sender/upload"):
  
actionpack (5.2.0) lib/action_dispatch/middleware/debug_exceptions.rb:65:in `call'
web-console (3.6.1) lib/web_console/middleware.rb:135:in `call_app'
web-console (3.6.1) lib/web_console/middleware.rb:30:in `block in call'
web-console (3.6.1) lib/web_console/middleware.rb:20:in `catch'
web-console (3.6.1) lib/web_console/middleware.rb:20:in `call'
actionpack (5.2.0) lib/action_dispatch/middleware/show_exceptions.rb:33:in `call'
railties (5.2.0) lib/rails/rack/logger.rb:38:in `call_app'
railties (5.2.0) lib/rails/rack/logger.rb:26:in `block in call'
activesupport (5.2.0) lib/active_support/tagged_logging.rb:71:in `block in tagged'
activesupport (5.2.0) lib/active_support/tagged_logging.rb:28:in `tagged'
activesupport (5.2.0) lib/active_support/tagged_logging.rb:71:in `tagged'
railties (5.2.0) lib/rails/rack/logger.rb:26:in `call'
sprockets-rails (3.2.1) lib/sprockets/rails/quiet_assets.rb:13:in `call'
actionpack (5.2.0) lib/action_dispatch/middleware/remote_ip.rb:81:in `call'
actionpack (5.2.0) lib/action_dispatch/middleware/request_id.rb:27:in `call'
rack (2.0.5) lib/rack/method_override.rb:22:in `call'
rack (2.0.5) lib/rack/runtime.rb:22:in `call'
activesupport (5.2.0) lib/active_support/cache/strategy/local_cache_middleware.rb:29:in `call'
actionpack (5.2.0) lib/action_dispatch/middleware/executor.rb:14:in `call'
actionpack (5.2.0) lib/action_dispatch/middleware/static.rb:127:in `call'
rack (2.0.5) lib/rack/sendfile.rb:111:in `call'
railties (5.2.0) lib/rails/engine.rb:524:in `call'
puma (3.11.4) lib/puma/configuration.rb:225:in `call'
puma (3.11.4) lib/puma/server.rb:632:in `handle_request'
puma (3.11.4) lib/puma/server.rb:446:in `process_client'
puma (3.11.4) lib/puma/server.rb:306:in `block in run'
puma (3.11.4) lib/puma/thread_pool.rb:120:in `block in spawn_thread'
Started POST "/sender/upload" for 127.0.0.1 at 2018-04-24 15:03:41 -0600
  
ActionController::RoutingError (No route matches [POST] "/sender/upload"):
  
actionpack (5.2.0) lib/action_dispatch/middleware/debug_exceptions.rb:65:in `call'
web-console (3.6.1) lib/web_console/middleware.rb:135:in `call_app'
web-console (3.6.1) lib/web_console/middleware.rb:30:in `block in call'
web-console (3.6.1) lib/web_console/middleware.rb:20:in `catch'
web-console (3.6.1) lib/web_console/middleware.rb:20:in `call'
actionpack (5.2.0) lib/action_dispatch/middleware/show_exceptions.rb:33:in `call'
railties (5.2.0) lib/rails/rack/logger.rb:38:in `call_app'
railties (5.2.0) lib/rails/rack/logger.rb:26:in `block in call'
activesupport (5.2.0) lib/active_support/tagged_logging.rb:71:in `block in tagged'
activesupport (5.2.0) lib/active_support/tagged_logging.rb:28:in `tagged'
activesupport (5.2.0) lib/active_support/tagged_logging.rb:71:in `tagged'
railties (5.2.0) lib/rails/rack/logger.rb:26:in `call'
sprockets-rails (3.2.1) lib/sprockets/rails/quiet_assets.rb:13:in `call'
actionpack (5.2.0) lib/action_dispatch/middleware/remote_ip.rb:81:in `call'
actionpack (5.2.0) lib/action_dispatch/middleware/request_id.rb:27:in `call'
rack (2.0.5) lib/rack/method_override.rb:22:in `call'
rack (2.0.5) lib/rack/runtime.rb:22:in `call'
activesupport (5.2.0) lib/active_support/cache/strategy/local_cache_middleware.rb:29:in `call'
actionpack (5.2.0) lib/action_dispatch/middleware/executor.rb:14:in `call'
actionpack (5.2.0) lib/action_dispatch/middleware/static.rb:127:in `call'
rack (2.0.5) lib/rack/sendfile.rb:111:in `call'
railties (5.2.0) lib/rails/engine.rb:524:in `call'
puma (3.11.4) lib/puma/configuration.rb:225:in `call'
puma (3.11.4) lib/puma/server.rb:632:in `handle_request'
puma (3.11.4) lib/puma/server.rb:446:in `process_client'
puma (3.11.4) lib/puma/server.rb:306:in `block in run'
puma (3.11.4) lib/puma/thread_pool.rb:120:in `block in spawn_thread'
Started GET "/" for 127.0.0.1 at 2018-04-24 15:04:12 -0600
Processing by SenderController#upload as HTML
  Rendering sender/upload.html.erb within layouts/application
  Rendered sender/upload.html.erb within layouts/application (3.0ms)
Completed 200 OK in 287ms (Views: 285.2ms | ActiveRecord: 0.0ms)


Started POST "/sender/get_file" for 127.0.0.1 at 2018-04-24 15:04:14 -0600
Processing by SenderController#get_file as HTML
  Parameters: {"utf8"=>"✓", "authenticity_token"=>"RXtYVZU04crEKJbZEwytL7gIZgtzHQZlksbxF/yGinOwQTN0qODG8e7zLyf/lApSgNxM76ADtP3mA5mthyaKUA==", "subject"=>"{:class=>\"form-control\"}", "commit"=>"Submit"}
No template found for SenderController#get_file, rendering head :no_content
Completed 204 No Content in 37ms (ActiveRecord: 0.0ms)


Started GET "/" for 127.0.0.1 at 2018-04-24 15:04:28 -0600
Processing by SenderController#upload as HTML
  Rendering sender/upload.html.erb within layouts/application
  Rendered sender/upload.html.erb within layouts/application (2.4ms)
Completed 200 OK in 29ms (Views: 27.3ms | ActiveRecord: 0.0ms)


Started POST "/sender/get_file" for 127.0.0.1 at 2018-04-24 15:04:30 -0600
Processing by SenderController#get_file as HTML
  Parameters: {"utf8"=>"✓", "authenticity_token"=>"JEZgsXxiDML/bRAVqex6tmfwT+p2pJYDlF/c4ZPaarnRfAuQQbYr+dW2qetFdN3LXyRlDqW6JJvgmrRb6Hpqmg==", "subject"=>"{:class=>\"form-control\"}", "commit"=>"Submit"}
No template found for SenderController#get_file, rendering head :no_content
Completed 204 No Content in 29ms (ActiveRecord: 0.0ms)


Started GET "/sender/upload" for 127.0.0.1 at 2018-04-24 15:04:38 -0600
  
AbstractController::ActionNotFound (The action 'show' could not be found for SenderController):
  
actionpack (5.2.0) lib/abstract_controller/base.rb:129:in `process'
actionview (5.2.0) lib/action_view/rendering.rb:32:in `process'
actionpack (5.2.0) lib/action_controller/metal.rb:191:in `dispatch'
actionpack (5.2.0) lib/action_controller/metal.rb:252:in `dispatch'
actionpack (5.2.0) lib/action_dispatch/routing/route_set.rb:52:in `dispatch'
actionpack (5.2.0) lib/action_dispatch/routing/route_set.rb:34:in `serve'
actionpack (5.2.0) lib/action_dispatch/journey/router.rb:52:in `block in serve'
actionpack (5.2.0) lib/action_dispatch/journey/router.rb:35:in `each'
actionpack (5.2.0) lib/action_dispatch/journey/router.rb:35:in `serve'
actionpack (5.2.0) lib/action_dispatch/routing/route_set.rb:840:in `call'
rack (2.0.5) lib/rack/tempfile_reaper.rb:15:in `call'
rack (2.0.5) lib/rack/etag.rb:25:in `call'
rack (2.0.5) lib/rack/conditional_get.rb:25:in `call'
rack (2.0.5) lib/rack/head.rb:12:in `call'
actionpack (5.2.0) lib/action_dispatch/http/content_security_policy.rb:18:in `call'
rack (2.0.5) lib/rack/session/abstract/id.rb:232:in `context'
rack (2.0.5) lib/rack/session/abstract/id.rb:226:in `call'
actionpack (5.2.0) lib/action_dispatch/middleware/cookies.rb:670:in `call'
activerecord (5.2.0) lib/active_record/migration.rb:559:in `call'
actionpack (5.2.0) lib/action_dispatch/middleware/callbacks.rb:28:in `block in call'
activesupport (5.2.0) lib/active_support/callbacks.rb:98:in `run_callbacks'
actionpack (5.2.0) lib/action_dispatch/middleware/callbacks.rb:26:in `call'
actionpack (5.2.0) lib/action_dispatch/middleware/executor.rb:14:in `call'
actionpack (5.2.0) lib/action_dispatch/middleware/debug_exceptions.rb:61:in `call'
web-console (3.6.1) lib/web_console/middleware.rb:135:in `call_app'
web-console (3.6.1) lib/web_console/middleware.rb:30:in `block in call'
web-console (3.6.1) lib/web_console/middleware.rb:20:in `catch'
web-console (3.6.1) lib/web_console/middleware.rb:20:in `call'
actionpack (5.2.0) lib/action_dispatch/middleware/show_exceptions.rb:33:in `call'
railties (5.2.0) lib/rails/rack/logger.rb:38:in `call_app'
railties (5.2.0) lib/rails/rack/logger.rb:26:in `block in call'
activesupport (5.2.0) lib/active_support/tagged_logging.rb:71:in `block in tagged'
activesupport (5.2.0) lib/active_support/tagged_logging.rb:28:in `tagged'
activesupport (5.2.0) lib/active_support/tagged_logging.rb:71:in `tagged'
railties (5.2.0) lib/rails/rack/logger.rb:26:in `call'
sprockets-rails (3.2.1) lib/sprockets/rails/quiet_assets.rb:13:in `call'
actionpack (5.2.0) lib/action_dispatch/middleware/remote_ip.rb:81:in `call'
actionpack (5.2.0) lib/action_dispatch/middleware/request_id.rb:27:in `call'
rack (2.0.5) lib/rack/method_override.rb:22:in `call'
rack (2.0.5) lib/rack/runtime.rb:22:in `call'
activesupport (5.2.0) lib/active_support/cache/strategy/local_cache_middleware.rb:29:in `call'
actionpack (5.2.0) lib/action_dispatch/middleware/executor.rb:14:in `call'
actionpack (5.2.0) lib/action_dispatch/middleware/static.rb:127:in `call'
rack (2.0.5) lib/rack/sendfile.rb:111:in `call'
railties (5.2.0) lib/rails/engine.rb:524:in `call'
puma (3.11.4) lib/puma/configuration.rb:225:in `call'
puma (3.11.4) lib/puma/server.rb:632:in `handle_request'
puma (3.11.4) lib/puma/server.rb:446:in `process_client'
puma (3.11.4) lib/puma/server.rb:306:in `block in run'
puma (3.11.4) lib/puma/thread_pool.rb:120:in `block in spawn_thread'
Started GET "/" for 127.0.0.1 at 2018-04-24 15:06:24 -0600
Processing by SenderController#upload as HTML
  Rendering sender/upload.html.erb within layouts/application
  Rendered sender/upload.html.erb within layouts/application (2.7ms)
Completed 200 OK in 27ms (Views: 25.1ms | ActiveRecord: 0.0ms)


Started POST "/sender/get_file" for 127.0.0.1 at 2018-04-24 15:06:26 -0600
Processing by SenderController#get_file as HTML
  Parameters: {"utf8"=>"✓", "authenticity_token"=>"SqzcmCf31PGutIrIpI4suTuWrat0aA7jPmdRoeMHKli/lre5GiPzyoRvMzZIFovEA0KHT6d2vHtKojkbmKcqew==", "subject"=>"{:class=>\"form-control\"}", "commit"=>"Submit"}
No template found for SenderController#get_file, rendering head :no_content
Completed 204 No Content in 32ms (ActiveRecord: 0.0ms)


Started GET "/" for 127.0.0.1 at 2018-04-24 15:08:07 -0600
Processing by SenderController#upload as HTML
  Rendering sender/upload.html.erb within layouts/application
  Rendered sender/upload.html.erb within layouts/application (2.4ms)
Completed 200 OK in 23ms (Views: 21.3ms | ActiveRecord: 0.0ms)


Started GET "/" for 127.0.0.1 at 2018-04-24 16:21:03 -0600
Processing by SenderController#upload as HTML
  Rendering sender/upload.html.erb within layouts/application
  Rendered sender/upload.html.erb within layouts/application (1.7ms)
Completed 200 OK in 69ms (Views: 67.2ms | ActiveRecord: 0.0ms)


Started GET "/" for 127.0.0.1 at 2018-04-24 16:21:32 -0600
Processing by SenderController#upload as HTML
  Rendering sender/upload.html.erb within layouts/application
  Rendered sender/upload.html.erb within layouts/application (2.3ms)
Completed 200 OK in 25ms (Views: 23.5ms | ActiveRecord: 0.0ms)


Started POST "/sender/get_file" for 127.0.0.1 at 2018-04-24 16:22:03 -0600
Processing by SenderController#get_file as HTML
  Parameters: {"utf8"=>"✓", "authenticity_token"=>"0FJBbiZjx1o4LpNSqnFWg8MYeeVtkqELMMdyuxJGCEQlaCpPG7fgYRL1KqxG6fH++8xTAb6ME5NEAhoBaeYIZw==", "subject"=>"{:class=>\"form-control\"}", "commit"=>"Submit"}
No template found for SenderController#get_file, rendering head :no_content
Completed 204 No Content in 32ms (ActiveRecord: 0.0ms)


Started GET "/" for 127.0.0.1 at 2018-04-24 16:23:10 -0600
Processing by SenderController#upload as HTML
  Rendering sender/upload.html.erb within layouts/application
  Rendered sender/upload.html.erb within layouts/application (1.9ms)
Completed 200 OK in 22ms (Views: 20.3ms | ActiveRecord: 0.0ms)


Started GET "/" for 127.0.0.1 at 2018-04-24 16:23:55 -0600
Processing by SenderController#upload as HTML
  Rendering sender/upload.html.erb within layouts/application
  Rendered sender/upload.html.erb within layouts/application (2.8ms)
Completed 200 OK in 42ms (Views: 40.4ms | ActiveRecord: 0.0ms)


Started POST "/sender/get_file" for 127.0.0.1 at 2018-04-24 16:23:56 -0600
Processing by SenderController#get_file as HTML
  Parameters: {"utf8"=>"✓", "authenticity_token"=>"GN+yQMKZ9293s/aHDJI32GzQYB/aDrJ7NiuDG7M16rnt5dlh/03QVF1oT3ngCpClVARK+wkQAONC7uuhyJXqmg==", "subject"=>"{:class=>\"form-control\"}", "commit"=>"Submit"}
Redirected to http://localhost:3000/sender/answer
Completed 302 Found in 3ms (ActiveRecord: 0.0ms)


Started GET "/sender/answer" for 127.0.0.1 at 2018-04-24 16:23:56 -0600
  
AbstractController::ActionNotFound (The action 'show' could not be found for SenderController):
  
actionpack (5.2.0) lib/abstract_controller/base.rb:129:in `process'
actionview (5.2.0) lib/action_view/rendering.rb:32:in `process'
actionpack (5.2.0) lib/action_controller/metal.rb:191:in `dispatch'
actionpack (5.2.0) lib/action_controller/metal.rb:252:in `dispatch'
actionpack (5.2.0) lib/action_dispatch/routing/route_set.rb:52:in `dispatch'
actionpack (5.2.0) lib/action_dispatch/routing/route_set.rb:34:in `serve'
actionpack (5.2.0) lib/action_dispatch/journey/router.rb:52:in `block in serve'
actionpack (5.2.0) lib/action_dispatch/journey/router.rb:35:in `each'
actionpack (5.2.0) lib/action_dispatch/journey/router.rb:35:in `serve'
actionpack (5.2.0) lib/action_dispatch/routing/route_set.rb:840:in `call'
rack (2.0.5) lib/rack/tempfile_reaper.rb:15:in `call'
rack (2.0.5) lib/rack/etag.rb:25:in `call'
rack (2.0.5) lib/rack/conditional_get.rb:25:in `call'
rack (2.0.5) lib/rack/head.rb:12:in `call'
actionpack (5.2.0) lib/action_dispatch/http/content_security_policy.rb:18:in `call'
rack (2.0.5) lib/rack/session/abstract/id.rb:232:in `context'
rack (2.0.5) lib/rack/session/abstract/id.rb:226:in `call'
actionpack (5.2.0) lib/action_dispatch/middleware/cookies.rb:670:in `call'
activerecord (5.2.0) lib/active_record/migration.rb:559:in `call'
actionpack (5.2.0) lib/action_dispatch/middleware/callbacks.rb:28:in `block in call'
activesupport (5.2.0) lib/active_support/callbacks.rb:98:in `run_callbacks'
actionpack (5.2.0) lib/action_dispatch/middleware/callbacks.rb:26:in `call'
actionpack (5.2.0) lib/action_dispatch/middleware/executor.rb:14:in `call'
actionpack (5.2.0) lib/action_dispatch/middleware/debug_exceptions.rb:61:in `call'
web-console (3.6.1) lib/web_console/middleware.rb:135:in `call_app'
web-console (3.6.1) lib/web_console/middleware.rb:30:in `block in call'
web-console (3.6.1) lib/web_console/middleware.rb:20:in `catch'
web-console (3.6.1) lib/web_console/middleware.rb:20:in `call'
actionpack (5.2.0) lib/action_dispatch/middleware/show_exceptions.rb:33:in `call'
railties (5.2.0) lib/rails/rack/logger.rb:38:in `call_app'
railties (5.2.0) lib/rails/rack/logger.rb:26:in `block in call'
activesupport (5.2.0) lib/active_support/tagged_logging.rb:71:in `block in tagged'
activesupport (5.2.0) lib/active_support/tagged_logging.rb:28:in `tagged'
activesupport (5.2.0) lib/active_support/tagged_logging.rb:71:in `tagged'
railties (5.2.0) lib/rails/rack/logger.rb:26:in `call'
sprockets-rails (3.2.1) lib/sprockets/rails/quiet_assets.rb:13:in `call'
actionpack (5.2.0) lib/action_dispatch/middleware/remote_ip.rb:81:in `call'
actionpack (5.2.0) lib/action_dispatch/middleware/request_id.rb:27:in `call'
rack (2.0.5) lib/rack/method_override.rb:22:in `call'
rack (2.0.5) lib/rack/runtime.rb:22:in `call'
activesupport (5.2.0) lib/active_support/cache/strategy/local_cache_middleware.rb:29:in `call'
actionpack (5.2.0) lib/action_dispatch/middleware/executor.rb:14:in `call'
actionpack (5.2.0) lib/action_dispatch/middleware/static.rb:127:in `call'
rack (2.0.5) lib/rack/sendfile.rb:111:in `call'
railties (5.2.0) lib/rails/engine.rb:524:in `call'
puma (3.11.4) lib/puma/configuration.rb:225:in `call'
puma (3.11.4) lib/puma/server.rb:632:in `handle_request'
puma (3.11.4) lib/puma/server.rb:446:in `process_client'
puma (3.11.4) lib/puma/server.rb:306:in `block in run'
puma (3.11.4) lib/puma/thread_pool.rb:120:in `block in spawn_thread'
Started GET "/" for 127.0.0.1 at 2018-04-24 16:25:25 -0600
Processing by SenderController#upload as HTML
  Rendering sender/upload.html.erb within layouts/application
  Rendered sender/upload.html.erb within layouts/application (3.6ms)
Completed 200 OK in 378ms (Views: 369.2ms | ActiveRecord: 0.0ms)


Started POST "/sender/get_file" for 127.0.0.1 at 2018-04-24 16:25:27 -0600
Processing by SenderController#get_file as HTML
  Parameters: {"utf8"=>"✓", "authenticity_token"=>"xhHC2bGRjUE8qdbDxDiElqtOipN5nPhxzuIawUbiqhczK6n4jEWqehZybz0ooCPrk5qgd6qCSum6J3J7PUKqNA==", "subject"=>"{:class=>\"form-control\"}", "commit"=>"Submit"}
Redirected to http://localhost:3000/sender/answer
Completed 302 Found in 2ms (ActiveRecord: 0.0ms)


Started GET "/sender/answer" for 127.0.0.1 at 2018-04-24 16:25:27 -0600
  
AbstractController::ActionNotFound (The action 'show' could not be found for SenderController):
  
actionpack (5.2.0) lib/abstract_controller/base.rb:129:in `process'
actionview (5.2.0) lib/action_view/rendering.rb:32:in `process'
actionpack (5.2.0) lib/action_controller/metal.rb:191:in `dispatch'
actionpack (5.2.0) lib/action_controller/metal.rb:252:in `dispatch'
actionpack (5.2.0) lib/action_dispatch/routing/route_set.rb:52:in `dispatch'
actionpack (5.2.0) lib/action_dispatch/routing/route_set.rb:34:in `serve'
actionpack (5.2.0) lib/action_dispatch/journey/router.rb:52:in `block in serve'
actionpack (5.2.0) lib/action_dispatch/journey/router.rb:35:in `each'
actionpack (5.2.0) lib/action_dispatch/journey/router.rb:35:in `serve'
actionpack (5.2.0) lib/action_dispatch/routing/route_set.rb:840:in `call'
rack (2.0.5) lib/rack/tempfile_reaper.rb:15:in `call'
rack (2.0.5) lib/rack/etag.rb:25:in `call'
rack (2.0.5) lib/rack/conditional_get.rb:25:in `call'
rack (2.0.5) lib/rack/head.rb:12:in `call'
actionpack (5.2.0) lib/action_dispatch/http/content_security_policy.rb:18:in `call'
rack (2.0.5) lib/rack/session/abstract/id.rb:232:in `context'
rack (2.0.5) lib/rack/session/abstract/id.rb:226:in `call'
actionpack (5.2.0) lib/action_dispatch/middleware/cookies.rb:670:in `call'
activerecord (5.2.0) lib/active_record/migration.rb:559:in `call'
actionpack (5.2.0) lib/action_dispatch/middleware/callbacks.rb:28:in `block in call'
activesupport (5.2.0) lib/active_support/callbacks.rb:98:in `run_callbacks'
actionpack (5.2.0) lib/action_dispatch/middleware/callbacks.rb:26:in `call'
actionpack (5.2.0) lib/action_dispatch/middleware/executor.rb:14:in `call'
actionpack (5.2.0) lib/action_dispatch/middleware/debug_exceptions.rb:61:in `call'
web-console (3.6.1) lib/web_console/middleware.rb:135:in `call_app'
web-console (3.6.1) lib/web_console/middleware.rb:30:in `block in call'
web-console (3.6.1) lib/web_console/middleware.rb:20:in `catch'
web-console (3.6.1) lib/web_console/middleware.rb:20:in `call'
actionpack (5.2.0) lib/action_dispatch/middleware/show_exceptions.rb:33:in `call'
railties (5.2.0) lib/rails/rack/logger.rb:38:in `call_app'
railties (5.2.0) lib/rails/rack/logger.rb:26:in `block in call'
activesupport (5.2.0) lib/active_support/tagged_logging.rb:71:in `block in tagged'
activesupport (5.2.0) lib/active_support/tagged_logging.rb:28:in `tagged'
activesupport (5.2.0) lib/active_support/tagged_logging.rb:71:in `tagged'
railties (5.2.0) lib/rails/rack/logger.rb:26:in `call'
sprockets-rails (3.2.1) lib/sprockets/rails/quiet_assets.rb:13:in `call'
actionpack (5.2.0) lib/action_dispatch/middleware/remote_ip.rb:81:in `call'
actionpack (5.2.0) lib/action_dispatch/middleware/request_id.rb:27:in `call'
rack (2.0.5) lib/rack/method_override.rb:22:in `call'
rack (2.0.5) lib/rack/runtime.rb:22:in `call'
activesupport (5.2.0) lib/active_support/cache/strategy/local_cache_middleware.rb:29:in `call'
actionpack (5.2.0) lib/action_dispatch/middleware/executor.rb:14:in `call'
actionpack (5.2.0) lib/action_dispatch/middleware/static.rb:127:in `call'
rack (2.0.5) lib/rack/sendfile.rb:111:in `call'
railties (5.2.0) lib/rails/engine.rb:524:in `call'
puma (3.11.4) lib/puma/configuration.rb:225:in `call'
puma (3.11.4) lib/puma/server.rb:632:in `handle_request'
puma (3.11.4) lib/puma/server.rb:446:in `process_client'
puma (3.11.4) lib/puma/server.rb:306:in `block in run'
puma (3.11.4) lib/puma/thread_pool.rb:120:in `block in spawn_thread'
Started POST "/sender/get_file" for 127.0.0.1 at 2018-04-24 16:26:05 -0600
Processing by SenderController#get_file as HTML
  Parameters: {"utf8"=>"✓", "authenticity_token"=>"xhHC2bGRjUE8qdbDxDiElqtOipN5nPhxzuIawUbiqhczK6n4jEWqehZybz0ooCPrk5qgd6qCSum6J3J7PUKqNA==", "subject"=>"{:class=>\"form-control\"}", "commit"=>"Submit"}
Redirected to http://localhost:3000/sender/answer
Completed 302 Found in 2ms (ActiveRecord: 0.0ms)


Started GET "/sender/answer" for 127.0.0.1 at 2018-04-24 16:26:05 -0600
  
AbstractController::ActionNotFound (The action 'show' could not be found for SenderController):
  
actionpack (5.2.0) lib/abstract_controller/base.rb:129:in `process'
actionview (5.2.0) lib/action_view/rendering.rb:32:in `process'
actionpack (5.2.0) lib/action_controller/metal.rb:191:in `dispatch'
actionpack (5.2.0) lib/action_controller/metal.rb:252:in `dispatch'
actionpack (5.2.0) lib/action_dispatch/routing/route_set.rb:52:in `dispatch'
actionpack (5.2.0) lib/action_dispatch/routing/route_set.rb:34:in `serve'
actionpack (5.2.0) lib/action_dispatch/journey/router.rb:52:in `block in serve'
actionpack (5.2.0) lib/action_dispatch/journey/router.rb:35:in `each'
actionpack (5.2.0) lib/action_dispatch/journey/router.rb:35:in `serve'
actionpack (5.2.0) lib/action_dispatch/routing/route_set.rb:840:in `call'
rack (2.0.5) lib/rack/tempfile_reaper.rb:15:in `call'
rack (2.0.5) lib/rack/etag.rb:25:in `call'
rack (2.0.5) lib/rack/conditional_get.rb:25:in `call'
rack (2.0.5) lib/rack/head.rb:12:in `call'
actionpack (5.2.0) lib/action_dispatch/http/content_security_policy.rb:18:in `call'
rack (2.0.5) lib/rack/session/abstract/id.rb:232:in `context'
rack (2.0.5) lib/rack/session/abstract/id.rb:226:in `call'
actionpack (5.2.0) lib/action_dispatch/middleware/cookies.rb:670:in `call'
activerecord (5.2.0) lib/active_record/migration.rb:559:in `call'
actionpack (5.2.0) lib/action_dispatch/middleware/callbacks.rb:28:in `block in call'
activesupport (5.2.0) lib/active_support/callbacks.rb:98:in `run_callbacks'
actionpack (5.2.0) lib/action_dispatch/middleware/callbacks.rb:26:in `call'
actionpack (5.2.0) lib/action_dispatch/middleware/executor.rb:14:in `call'
actionpack (5.2.0) lib/action_dispatch/middleware/debug_exceptions.rb:61:in `call'
web-console (3.6.1) lib/web_console/middleware.rb:135:in `call_app'
web-console (3.6.1) lib/web_console/middleware.rb:30:in `block in call'
web-console (3.6.1) lib/web_console/middleware.rb:20:in `catch'
web-console (3.6.1) lib/web_console/middleware.rb:20:in `call'
actionpack (5.2.0) lib/action_dispatch/middleware/show_exceptions.rb:33:in `call'
railties (5.2.0) lib/rails/rack/logger.rb:38:in `call_app'
railties (5.2.0) lib/rails/rack/logger.rb:26:in `block in call'
activesupport (5.2.0) lib/active_support/tagged_logging.rb:71:in `block in tagged'
activesupport (5.2.0) lib/active_support/tagged_logging.rb:28:in `tagged'
activesupport (5.2.0) lib/active_support/tagged_logging.rb:71:in `tagged'
railties (5.2.0) lib/rails/rack/logger.rb:26:in `call'
sprockets-rails (3.2.1) lib/sprockets/rails/quiet_assets.rb:13:in `call'
actionpack (5.2.0) lib/action_dispatch/middleware/remote_ip.rb:81:in `call'
actionpack (5.2.0) lib/action_dispatch/middleware/request_id.rb:27:in `call'
rack (2.0.5) lib/rack/method_override.rb:22:in `call'
rack (2.0.5) lib/rack/runtime.rb:22:in `call'
activesupport (5.2.0) lib/active_support/cache/strategy/local_cache_middleware.rb:29:in `call'
actionpack (5.2.0) lib/action_dispatch/middleware/executor.rb:14:in `call'
actionpack (5.2.0) lib/action_dispatch/middleware/static.rb:127:in `call'
rack (2.0.5) lib/rack/sendfile.rb:111:in `call'
railties (5.2.0) lib/rails/engine.rb:524:in `call'
puma (3.11.4) lib/puma/configuration.rb:225:in `call'
puma (3.11.4) lib/puma/server.rb:632:in `handle_request'
puma (3.11.4) lib/puma/server.rb:446:in `process_client'
puma (3.11.4) lib/puma/server.rb:306:in `block in run'
puma (3.11.4) lib/puma/thread_pool.rb:120:in `block in spawn_thread'
Started GET "/" for 127.0.0.1 at 2018-04-24 16:26:38 -0600
Processing by SenderController#upload as HTML
  Rendering sender/upload.html.erb within layouts/application
  Rendered sender/upload.html.erb within layouts/application (1.5ms)
Completed 200 OK in 47ms (Views: 45.7ms | ActiveRecord: 0.0ms)


Started POST "/sender/get_file" for 127.0.0.1 at 2018-04-24 16:26:40 -0600
Processing by SenderController#get_file as HTML
  Parameters: {"utf8"=>"✓", "authenticity_token"=>"lKM3leznL7hrAMI59oU+scM2wg9rTTHIH5lbSBwocY5hmVy00TMIg0Hbe8caHZnM++Lo67hTg1BrXDPyZ4hxrQ==", "subject"=>"{:class=>\"form-control\"}", "commit"=>"Submit"}
Redirected to http://localhost:3000sender/answer
Completed 302 Found in 1ms (ActiveRecord: 0.0ms)


Started POST "/sender/get_file" for 127.0.0.1 at 2018-04-24 16:28:23 -0600
Processing by SenderController#get_file as HTML
  Parameters: {"utf8"=>"✓", "authenticity_token"=>"lKM3leznL7hrAMI59oU+scM2wg9rTTHIH5lbSBwocY5hmVy00TMIg0Hbe8caHZnM++Lo67hTg1BrXDPyZ4hxrQ==", "subject"=>"{:class=>\"form-control\"}", "commit"=>"Submit"}
Redirected to http://localhost:3000sender/answer
Completed 302 Found in 2ms (ActiveRecord: 0.0ms)


Started POST "/sender/get_file" for 127.0.0.1 at 2018-04-24 16:28:34 -0600
Processing by SenderController#get_file as HTML
  Parameters: {"utf8"=>"✓", "authenticity_token"=>"lKM3leznL7hrAMI59oU+scM2wg9rTTHIH5lbSBwocY5hmVy00TMIg0Hbe8caHZnM++Lo67hTg1BrXDPyZ4hxrQ==", "subject"=>"{:class=>\"form-control\"}", "commit"=>"Submit"}
Redirected to http://localhost:3000sender/answer
Completed 302 Found in 1ms (ActiveRecord: 0.0ms)


Started POST "/sender/get_file" for 127.0.0.1 at 2018-04-24 16:32:52 -0600
Processing by SenderController#get_file as HTML
  Parameters: {"utf8"=>"✓", "authenticity_token"=>"lKM3leznL7hrAMI59oU+scM2wg9rTTHIH5lbSBwocY5hmVy00TMIg0Hbe8caHZnM++Lo67hTg1BrXDPyZ4hxrQ==", "subject"=>"{:class=>\"form-control\"}", "commit"=>"Submit"}
  Rendering sender/answer.html.erb within layouts/application
  Rendered sender/answer.html.erb within layouts/application (0.3ms)
Completed 200 OK in 21ms (Views: 19.7ms | ActiveRecord: 0.0ms)


Started POST "/sender/get_file" for 127.0.0.1 at 2018-04-24 16:33:00 -0600
Processing by SenderController#get_file as HTML
  Parameters: {"utf8"=>"✓", "authenticity_token"=>"lKM3leznL7hrAMI59oU+scM2wg9rTTHIH5lbSBwocY5hmVy00TMIg0Hbe8caHZnM++Lo67hTg1BrXDPyZ4hxrQ==", "subject"=>"{:class=>\"form-control\"}", "commit"=>"Submit"}
  Rendering sender/answer.html.erb within layouts/application
  Rendered sender/answer.html.erb within layouts/application (0.9ms)
Completed 200 OK in 27ms (Views: 25.5ms | ActiveRecord: 0.0ms)


Started GET "/" for 127.0.0.1 at 2018-04-24 16:33:16 -0600
Processing by SenderController#upload as HTML
  Rendering sender/upload.html.erb within layouts/application
  Rendered sender/upload.html.erb within layouts/application (12.7ms)
Completed 200 OK in 40ms (Views: 38.1ms | ActiveRecord: 0.0ms)


Started POST "/sender/get_file" for 127.0.0.1 at 2018-04-24 16:33:17 -0600
Processing by SenderController#get_file as HTML
  Parameters: {"utf8"=>"✓", "authenticity_token"=>"7xuiCYOSNkw7uKS+19SvgdxLhWsZ92Vr+gBmSW76cTgaIckovkYRdxFjHUA7TAj85J+vj8rp1/OOxQ7zFVpxGw==", "subject"=>"{:class=>\"form-control\"}", "commit"=>"Submit"}
  Rendering sender/answer.html.erb within layouts/application
  Rendered sender/answer.html.erb within layouts/application (1.7ms)
Completed 200 OK in 47ms (Views: 44.7ms | ActiveRecord: 0.0ms)


Started GET "/" for 127.0.0.1 at 2018-04-24 16:33:35 -0600
  
SyntaxError (compile error):
  
compile error
bootsnap (1.3.0) lib/bootsnap/load_path_cache/core_ext/kernel_require.rb:100:in `load'
bootsnap (1.3.0) lib/bootsnap/load_path_cache/core_ext/kernel_require.rb:100:in `load'
activesupport (5.2.0) lib/active_support/dependencies.rb:468:in `block in load_file'
activesupport (5.2.0) lib/active_support/dependencies.rb:653:in `new_constants_in'
activesupport (5.2.0) lib/active_support/dependencies.rb:467:in `load_file'
activesupport (5.2.0) lib/active_support/dependencies.rb:365:in `block in require_or_load'
activesupport (5.2.0) lib/active_support/dependencies.rb:37:in `block in load_interlock'
activesupport (5.2.0) lib/active_support/dependencies/interlock.rb:14:in `block in loading'
activesupport (5.2.0) lib/active_support/concurrency/share_lock.rb:151:in `exclusive'
activesupport (5.2.0) lib/active_support/dependencies/interlock.rb:13:in `loading'
activesupport (5.2.0) lib/active_support/dependencies.rb:37:in `load_interlock'
activesupport (5.2.0) lib/active_support/dependencies.rb:348:in `require_or_load'
activesupport (5.2.0) lib/active_support/dependencies.rb:502:in `load_missing_constant'
bootsnap (1.3.0) lib/bootsnap/load_path_cache/core_ext/active_support.rb:43:in `load_missing_constant'
activesupport (5.2.0) lib/active_support/dependencies.rb:193:in `const_missing'
activesupport (5.2.0) lib/active_support/inflector/methods.rb:283:in `const_get'
activesupport (5.2.0) lib/active_support/inflector/methods.rb:283:in `block in constantize'
activesupport (5.2.0) lib/active_support/inflector/methods.rb:281:in `each'
activesupport (5.2.0) lib/active_support/inflector/methods.rb:281:in `inject'
activesupport (5.2.0) lib/active_support/inflector/methods.rb:281:in `constantize'
activesupport (5.2.0) lib/active_support/dependencies.rb:574:in `get'
activesupport (5.2.0) lib/active_support/dependencies.rb:605:in `constantize'
actionpack (5.2.0) lib/action_dispatch/http/request.rb:88:in `controller_class_for'
actionpack (5.2.0) lib/action_dispatch/http/parameters.rb:101:in `binary_params_for?'
actionpack (5.2.0) lib/action_dispatch/http/parameters.rb:92:in `set_binary_encoding'
actionpack (5.2.0) lib/action_dispatch/http/parameters.rb:69:in `path_parameters='
actionpack (5.2.0) lib/action_dispatch/journey/router.rb:50:in `block in serve'
actionpack (5.2.0) lib/action_dispatch/journey/router.rb:35:in `each'
actionpack (5.2.0) lib/action_dispatch/journey/router.rb:35:in `serve'
actionpack (5.2.0) lib/action_dispatch/routing/route_set.rb:840:in `call'
rack (2.0.5) lib/rack/tempfile_reaper.rb:15:in `call'
rack (2.0.5) lib/rack/etag.rb:25:in `call'
rack (2.0.5) lib/rack/conditional_get.rb:25:in `call'
rack (2.0.5) lib/rack/head.rb:12:in `call'
actionpack (5.2.0) lib/action_dispatch/http/content_security_policy.rb:18:in `call'
rack (2.0.5) lib/rack/session/abstract/id.rb:232:in `context'
rack (2.0.5) lib/rack/session/abstract/id.rb:226:in `call'
actionpack (5.2.0) lib/action_dispatch/middleware/cookies.rb:670:in `call'
activerecord (5.2.0) lib/active_record/migration.rb:559:in `call'
actionpack (5.2.0) lib/action_dispatch/middleware/callbacks.rb:28:in `block in call'
activesupport (5.2.0) lib/active_support/callbacks.rb:98:in `run_callbacks'
actionpack (5.2.0) lib/action_dispatch/middleware/callbacks.rb:26:in `call'
actionpack (5.2.0) lib/action_dispatch/middleware/executor.rb:14:in `call'
actionpack (5.2.0) lib/action_dispatch/middleware/debug_exceptions.rb:61:in `call'
web-console (3.6.1) lib/web_console/middleware.rb:135:in `call_app'
web-console (3.6.1) lib/web_console/middleware.rb:30:in `block in call'
web-console (3.6.1) lib/web_console/middleware.rb:20:in `catch'
web-console (3.6.1) lib/web_console/middleware.rb:20:in `call'
actionpack (5.2.0) lib/action_dispatch/middleware/show_exceptions.rb:33:in `call'
railties (5.2.0) lib/rails/rack/logger.rb:38:in `call_app'
railties (5.2.0) lib/rails/rack/logger.rb:26:in `block in call'
activesupport (5.2.0) lib/active_support/tagged_logging.rb:71:in `block in tagged'
activesupport (5.2.0) lib/active_support/tagged_logging.rb:28:in `tagged'
activesupport (5.2.0) lib/active_support/tagged_logging.rb:71:in `tagged'
railties (5.2.0) lib/rails/rack/logger.rb:26:in `call'
sprockets-rails (3.2.1) lib/sprockets/rails/quiet_assets.rb:13:in `call'
actionpack (5.2.0) lib/action_dispatch/middleware/remote_ip.rb:81:in `call'
actionpack (5.2.0) lib/action_dispatch/middleware/request_id.rb:27:in `call'
rack (2.0.5) lib/rack/method_override.rb:22:in `call'
rack (2.0.5) lib/rack/runtime.rb:22:in `call'
activesupport (5.2.0) lib/active_support/cache/strategy/local_cache_middleware.rb:29:in `call'
actionpack (5.2.0) lib/action_dispatch/middleware/executor.rb:14:in `call'
actionpack (5.2.0) lib/action_dispatch/middleware/static.rb:127:in `call'
rack (2.0.5) lib/rack/sendfile.rb:111:in `call'
railties (5.2.0) lib/rails/engine.rb:524:in `call'
puma (3.11.4) lib/puma/configuration.rb:225:in `call'
puma (3.11.4) lib/puma/server.rb:632:in `handle_request'
puma (3.11.4) lib/puma/server.rb:446:in `process_client'
puma (3.11.4) lib/puma/server.rb:306:in `block in run'
puma (3.11.4) lib/puma/thread_pool.rb:120:in `block in spawn_thread'
Started GET "/" for 127.0.0.1 at 2018-04-24 16:34:35 -0600
Processing by SenderController#upload as HTML
  Rendering sender/upload.html.erb within layouts/application
  Rendered sender/upload.html.erb within layouts/application (2.3ms)
Completed 200 OK in 22ms (Views: 20.8ms | ActiveRecord: 0.0ms)


Started POST "/sender/get_file" for 127.0.0.1 at 2018-04-24 16:34:37 -0600
Processing by SenderController#get_file as HTML
  Parameters: {"utf8"=>"✓", "authenticity_token"=>"EgT+SZnJHzyl0UrNVsJ/OFWQYzBV7RG7XQ/+LFglOWjnPpVopB04B48K8zO6WthFbURJ1IbzoyMpypaWI4U5Sw==", "subject"=>"{:class=>\"form-control\"}", "commit"=>"Submit"}
  Rendering sender/answer.html.erb within layouts/application
  Rendered sender/answer.html.erb within layouts/application (0.7ms)
Completed 200 OK in 32ms (Views: 30.7ms | ActiveRecord: 0.0ms)


Started GET "/sender/get_file" for 127.0.0.1 at 2018-04-24 16:34:58 -0600
  
AbstractController::ActionNotFound (The action 'show' could not be found for SenderController):
  
actionpack (5.2.0) lib/abstract_controller/base.rb:129:in `process'
actionview (5.2.0) lib/action_view/rendering.rb:32:in `process'
actionpack (5.2.0) lib/action_controller/metal.rb:191:in `dispatch'
actionpack (5.2.0) lib/action_controller/metal.rb:252:in `dispatch'
actionpack (5.2.0) lib/action_dispatch/routing/route_set.rb:52:in `dispatch'
actionpack (5.2.0) lib/action_dispatch/routing/route_set.rb:34:in `serve'
actionpack (5.2.0) lib/action_dispatch/journey/router.rb:52:in `block in serve'
actionpack (5.2.0) lib/action_dispatch/journey/router.rb:35:in `each'
actionpack (5.2.0) lib/action_dispatch/journey/router.rb:35:in `serve'
actionpack (5.2.0) lib/action_dispatch/routing/route_set.rb:840:in `call'
rack (2.0.5) lib/rack/tempfile_reaper.rb:15:in `call'
rack (2.0.5) lib/rack/etag.rb:25:in `call'
rack (2.0.5) lib/rack/conditional_get.rb:25:in `call'
rack (2.0.5) lib/rack/head.rb:12:in `call'
actionpack (5.2.0) lib/action_dispatch/http/content_security_policy.rb:18:in `call'
rack (2.0.5) lib/rack/session/abstract/id.rb:232:in `context'
rack (2.0.5) lib/rack/session/abstract/id.rb:226:in `call'
actionpack (5.2.0) lib/action_dispatch/middleware/cookies.rb:670:in `call'
activerecord (5.2.0) lib/active_record/migration.rb:559:in `call'
actionpack (5.2.0) lib/action_dispatch/middleware/callbacks.rb:28:in `block in call'
activesupport (5.2.0) lib/active_support/callbacks.rb:98:in `run_callbacks'
actionpack (5.2.0) lib/action_dispatch/middleware/callbacks.rb:26:in `call'
actionpack (5.2.0) lib/action_dispatch/middleware/executor.rb:14:in `call'
actionpack (5.2.0) lib/action_dispatch/middleware/debug_exceptions.rb:61:in `call'
web-console (3.6.1) lib/web_console/middleware.rb:135:in `call_app'
web-console (3.6.1) lib/web_console/middleware.rb:30:in `block in call'
web-console (3.6.1) lib/web_console/middleware.rb:20:in `catch'
web-console (3.6.1) lib/web_console/middleware.rb:20:in `call'
actionpack (5.2.0) lib/action_dispatch/middleware/show_exceptions.rb:33:in `call'
railties (5.2.0) lib/rails/rack/logger.rb:38:in `call_app'
railties (5.2.0) lib/rails/rack/logger.rb:26:in `block in call'
activesupport (5.2.0) lib/active_support/tagged_logging.rb:71:in `block in tagged'
activesupport (5.2.0) lib/active_support/tagged_logging.rb:28:in `tagged'
activesupport (5.2.0) lib/active_support/tagged_logging.rb:71:in `tagged'
railties (5.2.0) lib/rails/rack/logger.rb:26:in `call'
sprockets-rails (3.2.1) lib/sprockets/rails/quiet_assets.rb:13:in `call'
actionpack (5.2.0) lib/action_dispatch/middleware/remote_ip.rb:81:in `call'
actionpack (5.2.0) lib/action_dispatch/middleware/request_id.rb:27:in `call'
rack (2.0.5) lib/rack/method_override.rb:22:in `call'
rack (2.0.5) lib/rack/runtime.rb:22:in `call'
activesupport (5.2.0) lib/active_support/cache/strategy/local_cache_middleware.rb:29:in `call'
actionpack (5.2.0) lib/action_dispatch/middleware/executor.rb:14:in `call'
actionpack (5.2.0) lib/action_dispatch/middleware/static.rb:127:in `call'
rack (2.0.5) lib/rack/sendfile.rb:111:in `call'
railties (5.2.0) lib/rails/engine.rb:524:in `call'
puma (3.11.4) lib/puma/configuration.rb:225:in `call'
puma (3.11.4) lib/puma/server.rb:632:in `handle_request'
puma (3.11.4) lib/puma/server.rb:446:in `process_client'
puma (3.11.4) lib/puma/server.rb:306:in `block in run'
puma (3.11.4) lib/puma/thread_pool.rb:120:in `block in spawn_thread'
Started POST "/sender/get_file" for 127.0.0.1 at 2018-04-24 16:35:01 -0600
Processing by SenderController#get_file as HTML
  Parameters: {"utf8"=>"✓", "authenticity_token"=>"EgT+SZnJHzyl0UrNVsJ/OFWQYzBV7RG7XQ/+LFglOWjnPpVopB04B48K8zO6WthFbURJ1IbzoyMpypaWI4U5Sw==", "subject"=>"{:class=>\"form-control\"}", "commit"=>"Submit"}
  Rendering sender/answer.html.erb within layouts/application
  Rendered sender/answer.html.erb within layouts/application (203.2ms)
Completed 500 Internal Server Error in 209ms (ActiveRecord: 0.0ms)


  
ActionView::Template::Error (undefined local variable or method `var1' for #<#<Class:0x007fb17e25d230>:0x007fb17d4773a0>):
    1: <h1>Aqui va la respuesta <%=var1%></h1>
  
app/views/sender/answer.html.erb:1:in `_app_views_sender_answer_html_erb___4157901363291202562_70200143880600'
app/controllers/sender_controller.rb:9:in `get_file'
Started GET "/" for 127.0.0.1 at 2018-04-24 16:35:04 -0600
Processing by SenderController#upload as HTML
  Rendering sender/upload.html.erb within layouts/application
  Rendered sender/upload.html.erb within layouts/application (1.4ms)
Completed 200 OK in 25ms (Views: 22.0ms | ActiveRecord: 0.0ms)


Started POST "/sender/get_file" for 127.0.0.1 at 2018-04-24 16:35:05 -0600
Processing by SenderController#get_file as HTML
  Parameters: {"utf8"=>"✓", "authenticity_token"=>"MlFp9br+4qZWUVmmtQ1YRgsRlw8BtzbQ+ptpLrHtbtLHawLUhyrFnXyK4FhZlf87M8W969KphEiOXgGUyk1u8Q==", "subject"=>"{:class=>\"form-control\"}", "commit"=>"Submit"}
  Rendering sender/answer.html.erb within layouts/application
  Rendered sender/answer.html.erb within layouts/application (211.7ms)
Completed 500 Internal Server Error in 216ms (ActiveRecord: 0.0ms)


  
ActionView::Template::Error (undefined local variable or method `var1' for #<#<Class:0x007fb17e25d230>:0x007fb16c115880>):
    1: <h1>Aqui va la respuesta <%=var1%></h1>
  
app/views/sender/answer.html.erb:1:in `_app_views_sender_answer_html_erb___4157901363291202562_70199999505040'
app/controllers/sender_controller.rb:9:in `get_file'
Started GET "/" for 127.0.0.1 at 2018-04-24 16:35:49 -0600
Processing by SenderController#upload as HTML
  Rendering sender/upload.html.erb within layouts/application
  Rendered sender/upload.html.erb within layouts/application (2.0ms)
Completed 200 OK in 29ms (Views: 27.1ms | ActiveRecord: 0.0ms)


Started POST "/sender/get_file" for 127.0.0.1 at 2018-04-24 16:35:50 -0600
Processing by SenderController#get_file as HTML
  Parameters: {"utf8"=>"✓", "authenticity_token"=>"8nc0iRzV7Tlhh0mKybgJDgqs5G7Nhu4oAyOPR3xvDSgHTV+oIQHKAktc8HQlIK5zMnjOih6YXLB35uf9B88NCw==", "subject"=>"{:class=>\"form-control\"}", "commit"=>"Submit"}
  Rendering sender/answer.html.erb within layouts/application
  Rendered sender/answer.html.erb within layouts/application (0.5ms)
Completed 200 OK in 23ms (Views: 22.3ms | ActiveRecord: 0.0ms)


Started GET "/" for 127.0.0.1 at 2018-04-24 16:37:19 -0600
Processing by SenderController#upload as HTML
  Rendering sender/upload.html.erb within layouts/application
  Rendered sender/upload.html.erb within layouts/application (2.6ms)
Completed 200 OK in 26ms (Views: 24.0ms | ActiveRecord: 0.0ms)


Started POST "/sender/get_file" for 127.0.0.1 at 2018-04-24 16:37:20 -0600
Processing by SenderController#get_file as HTML
  Parameters: {"utf8"=>"✓", "authenticity_token"=>"M8aMCoPo45OVA0d2X6Yr6bwouos5Lxk8GZRiRcv1V9rG/OcrvjzEqL/Y/oizPoyUhPyQb+oxq6RtUQr/sFVX+Q==", "subject"=>"{:class=>\"form-control\"}", "commit"=>"Submit"}
  Rendering sender/answer.html.erb within layouts/application
  Rendered sender/answer.html.erb within layouts/application (4.2ms)
Completed 500 Internal Server Error in 10ms (ActiveRecord: 0.0ms)


  
ActionView::Template::Error (undefined method `var1' for nil:NilClass):
    1: <h1>Aqui va la respuesta <%=@data.var1%></h1>
  
app/views/sender/answer.html.erb:1:in `_app_views_sender_answer_html_erb___4157901363291202562_70200145555060'
app/controllers/sender_controller.rb:9:in `get_file'
Started POST "/sender/get_file" for 127.0.0.1 at 2018-04-24 16:39:21 -0600
Processing by SenderController#get_file as HTML
  Parameters: {"utf8"=>"✓", "authenticity_token"=>"M8aMCoPo45OVA0d2X6Yr6bwouos5Lxk8GZRiRcv1V9rG/OcrvjzEqL/Y/oizPoyUhPyQb+oxq6RtUQr/sFVX+Q==", "subject"=>"{:class=>\"form-control\"}", "commit"=>"Submit"}
  Rendering sender/answer.html.erb within layouts/application
  Rendered sender/answer.html.erb within layouts/application (0.4ms)
Completed 200 OK in 21ms (Views: 19.8ms | ActiveRecord: 0.0ms)


Started GET "/sender/get_file" for 127.0.0.1 at 2018-04-24 16:39:33 -0600
  
AbstractController::ActionNotFound (The action 'show' could not be found for SenderController):
  
actionpack (5.2.0) lib/abstract_controller/base.rb:129:in `process'
actionview (5.2.0) lib/action_view/rendering.rb:32:in `process'
actionpack (5.2.0) lib/action_controller/metal.rb:191:in `dispatch'
actionpack (5.2.0) lib/action_controller/metal.rb:252:in `dispatch'
actionpack (5.2.0) lib/action_dispatch/routing/route_set.rb:52:in `dispatch'
actionpack (5.2.0) lib/action_dispatch/routing/route_set.rb:34:in `serve'
actionpack (5.2.0) lib/action_dispatch/journey/router.rb:52:in `block in serve'
actionpack (5.2.0) lib/action_dispatch/journey/router.rb:35:in `each'
actionpack (5.2.0) lib/action_dispatch/journey/router.rb:35:in `serve'
actionpack (5.2.0) lib/action_dispatch/routing/route_set.rb:840:in `call'
rack (2.0.5) lib/rack/tempfile_reaper.rb:15:in `call'
rack (2.0.5) lib/rack/etag.rb:25:in `call'
rack (2.0.5) lib/rack/conditional_get.rb:25:in `call'
rack (2.0.5) lib/rack/head.rb:12:in `call'
actionpack (5.2.0) lib/action_dispatch/http/content_security_policy.rb:18:in `call'
rack (2.0.5) lib/rack/session/abstract/id.rb:232:in `context'
rack (2.0.5) lib/rack/session/abstract/id.rb:226:in `call'
actionpack (5.2.0) lib/action_dispatch/middleware/cookies.rb:670:in `call'
activerecord (5.2.0) lib/active_record/migration.rb:559:in `call'
actionpack (5.2.0) lib/action_dispatch/middleware/callbacks.rb:28:in `block in call'
activesupport (5.2.0) lib/active_support/callbacks.rb:98:in `run_callbacks'
actionpack (5.2.0) lib/action_dispatch/middleware/callbacks.rb:26:in `call'
actionpack (5.2.0) lib/action_dispatch/middleware/executor.rb:14:in `call'
actionpack (5.2.0) lib/action_dispatch/middleware/debug_exceptions.rb:61:in `call'
web-console (3.6.1) lib/web_console/middleware.rb:135:in `call_app'
web-console (3.6.1) lib/web_console/middleware.rb:30:in `block in call'
web-console (3.6.1) lib/web_console/middleware.rb:20:in `catch'
web-console (3.6.1) lib/web_console/middleware.rb:20:in `call'
actionpack (5.2.0) lib/action_dispatch/middleware/show_exceptions.rb:33:in `call'
railties (5.2.0) lib/rails/rack/logger.rb:38:in `call_app'
railties (5.2.0) lib/rails/rack/logger.rb:26:in `block in call'
activesupport (5.2.0) lib/active_support/tagged_logging.rb:71:in `block in tagged'
activesupport (5.2.0) lib/active_support/tagged_logging.rb:28:in `tagged'
activesupport (5.2.0) lib/active_support/tagged_logging.rb:71:in `tagged'
railties (5.2.0) lib/rails/rack/logger.rb:26:in `call'
sprockets-rails (3.2.1) lib/sprockets/rails/quiet_assets.rb:13:in `call'
actionpack (5.2.0) lib/action_dispatch/middleware/remote_ip.rb:81:in `call'
actionpack (5.2.0) lib/action_dispatch/middleware/request_id.rb:27:in `call'
rack (2.0.5) lib/rack/method_override.rb:22:in `call'
rack (2.0.5) lib/rack/runtime.rb:22:in `call'
activesupport (5.2.0) lib/active_support/cache/strategy/local_cache_middleware.rb:29:in `call'
actionpack (5.2.0) lib/action_dispatch/middleware/executor.rb:14:in `call'
actionpack (5.2.0) lib/action_dispatch/middleware/static.rb:127:in `call'
rack (2.0.5) lib/rack/sendfile.rb:111:in `call'
railties (5.2.0) lib/rails/engine.rb:524:in `call'
puma (3.11.4) lib/puma/configuration.rb:225:in `call'
puma (3.11.4) lib/puma/server.rb:632:in `handle_request'
puma (3.11.4) lib/puma/server.rb:446:in `process_client'
puma (3.11.4) lib/puma/server.rb:306:in `block in run'
puma (3.11.4) lib/puma/thread_pool.rb:120:in `block in spawn_thread'
Started POST "/sender/get_file" for 127.0.0.1 at 2018-04-24 16:39:36 -0600
Processing by SenderController#get_file as HTML
  Parameters: {"utf8"=>"✓", "authenticity_token"=>"M8aMCoPo45OVA0d2X6Yr6bwouos5Lxk8GZRiRcv1V9rG/OcrvjzEqL/Y/oizPoyUhPyQb+oxq6RtUQr/sFVX+Q==", "subject"=>"{:class=>\"form-control\"}", "commit"=>"Submit"}
  Rendering sender/answer.html.erb within layouts/application
  Rendered sender/answer.html.erb within layouts/application (1.0ms)
Completed 200 OK in 25ms (Views: 23.5ms | ActiveRecord: 0.0ms)


Started POST "/sender/get_file" for 127.0.0.1 at 2018-04-24 16:41:58 -0600
Processing by SenderController#get_file as HTML
  Parameters: {"utf8"=>"✓", "authenticity_token"=>"M8aMCoPo45OVA0d2X6Yr6bwouos5Lxk8GZRiRcv1V9rG/OcrvjzEqL/Y/oizPoyUhPyQb+oxq6RtUQr/sFVX+Q==", "subject"=>"", "commit"=>"Submit"}
Completed 500 Internal Server Error in 3ms (ActiveRecord: 0.0ms)


  
NameError (uninitialized constant SenderController::HTTParty):
  
app/controllers/sender_controller.rb:10:in `get_file'
Started GET "/" for 127.0.0.1 at 2018-04-24 16:42:26 -0600
Processing by SenderController#upload as HTML
  Rendering sender/upload.html.erb within layouts/application
  Rendered sender/upload.html.erb within layouts/application (1.6ms)
Completed 200 OK in 20ms (Views: 18.4ms | ActiveRecord: 0.0ms)


Started POST "/sender/get_file" for 127.0.0.1 at 2018-04-24 16:42:28 -0600
Processing by SenderController#get_file as HTML
  Parameters: {"utf8"=>"✓", "authenticity_token"=>"OT/KP+IEZRLRubPvJpxoG9bP2SAoMNPUD7QCfUuwVtXMBaEe39BCKftiChHKBM9m7hvzxPsuYUx7cWrHMBBW9g==", "subject"=>"{:class=>\"form-control\"}", "commit"=>"Submit"}
Completed 500 Internal Server Error in 4ms (ActiveRecord: 0.0ms)


  
NameError (uninitialized constant SenderController::HTTParty):
  
app/controllers/sender_controller.rb:10:in `get_file'
Started GET "/" for 127.0.0.1 at 2018-04-24 16:43:14 -0600
Processing by SenderController#upload as HTML
  Rendering sender/upload.html.erb within layouts/application
  Rendered sender/upload.html.erb within layouts/application (2.5ms)
Completed 200 OK in 289ms (Views: 280.0ms | ActiveRecord: 0.0ms)


Started POST "/sender/get_file" for 127.0.0.1 at 2018-04-24 16:43:16 -0600
Processing by SenderController#get_file as HTML
  Parameters: {"utf8"=>"✓", "authenticity_token"=>"LRyPoh5xk3wsFtsY2JyDmlJ6j2f8mRFZPWvt+Q8Z/wbYJuSDI6W0RwbNYuY0BCTnaq6lgy+Ho8FJroVDdLn/JQ==", "subject"=>"{:class=>\"form-control\"}", "commit"=>"Submit"}
Completed 500 Internal Server Error in 7ms (ActiveRecord: 0.0ms)


  
NameError (uninitialized constant SenderController::HTTParty):
  
app/controllers/sender_controller.rb:10:in `get_file'
Started GET "/" for 127.0.0.1 at 2018-04-24 16:44:56 -0600
Processing by SenderController#upload as HTML
Started POST "/sender/get_file" for 127.0.0.1 at 2018-04-24 16:45:06 -0600
  Rendering sender/upload.html.erb within layouts/application
  Rendered sender/upload.html.erb within layouts/application (2.4ms)
Completed 200 OK in 28ms (Views: 26.3ms | ActiveRecord: 0.0ms)


Processing by SenderController#get_file as HTML
  Parameters: {"utf8"=>"✓", "authenticity_token"=>"LRyPoh5xk3wsFtsY2JyDmlJ6j2f8mRFZPWvt+Q8Z/wbYJuSDI6W0RwbNYuY0BCTnaq6lgy+Ho8FJroVDdLn/JQ==", "subject"=>"{:class=>\"form-control\"}", "commit"=>"Submit"}
Completed 500 Internal Server Error in 4ms (ActiveRecord: 0.0ms)


  
NameError (uninitialized constant SenderController::HTTParty):
  
app/controllers/sender_controller.rb:12:in `get_file'
Started GET "/" for 127.0.0.1 at 2018-04-24 16:46:32 -0600
Processing by SenderController#upload as HTML
  Rendering sender/upload.html.erb within layouts/application
  Rendered sender/upload.html.erb within layouts/application (2.6ms)
Completed 200 OK in 43ms (Views: 41.6ms | ActiveRecord: 0.0ms)


Started GET "/" for 127.0.0.1 at 2018-04-24 16:46:33 -0600
Processing by SenderController#upload as HTML
  Rendering sender/upload.html.erb within layouts/application
  Rendered sender/upload.html.erb within layouts/application (2.5ms)
Completed 200 OK in 29ms (Views: 27.1ms | ActiveRecord: 0.0ms)


Started POST "/sender/get_file" for 127.0.0.1 at 2018-04-24 16:46:34 -0600
Processing by SenderController#get_file as HTML
  Parameters: {"utf8"=>"✓", "authenticity_token"=>"/fkLivE1Qise4xB28yXGx/gBLqxqOqczm9yr9/joWHQIw2CrzOFlEDQ4qYgfvWG6wNUESLkkFavvGcNNg0hYVw==", "subject"=>"{:class=>\"form-control\"}", "commit"=>"Submit"}
Completed 500 Internal Server Error in 91ms (ActiveRecord: 0.0ms)


  
NoMethodError (undefined method `get' for #<SenderController:0x007ff524649990>
Did you mean?  gets
               get_file
               gem):
  
app/controllers/sender_controller.rb:12:in `get_file'
Started POST "/sender/get_file" for 127.0.0.1 at 2018-04-24 16:48:28 -0600
Processing by SenderController#get_file as HTML
  Parameters: {"utf8"=>"✓", "authenticity_token"=>"/fkLivE1Qise4xB28yXGx/gBLqxqOqczm9yr9/joWHQIw2CrzOFlEDQ4qYgfvWG6wNUESLkkFavvGcNNg0hYVw==", "subject"=>"{:class=>\"form-control\"}", "commit"=>"Submit"}
Completed 500 Internal Server Error in 3ms (ActiveRecord: 0.0ms)


  
NameError (uninitialized constant SenderController::HTTParty):
  
app/controllers/sender_controller.rb:12:in `get_file'
Started POST "/sender/get_file" for 127.0.0.1 at 2018-04-24 16:48:29 -0600
Processing by SenderController#get_file as HTML
  Parameters: {"utf8"=>"✓", "authenticity_token"=>"/fkLivE1Qise4xB28yXGx/gBLqxqOqczm9yr9/joWHQIw2CrzOFlEDQ4qYgfvWG6wNUESLkkFavvGcNNg0hYVw==", "subject"=>"{:class=>\"form-control\"}", "commit"=>"Submit"}
Completed 500 Internal Server Error in 8ms (ActiveRecord: 0.0ms)


  
NameError (uninitialized constant SenderController::HTTParty):
  
app/controllers/sender_controller.rb:12:in `get_file'
Started GET "/" for 127.0.0.1 at 2018-04-24 16:49:04 -0600
  
LoadError (cannot load such file -- httparty):
  
app/controllers/sender_controller.rb:1:in `<main>'
Started GET "/" for 127.0.0.1 at 2018-04-24 16:50:31 -0600
Processing by SenderController#upload as HTML
  Rendering sender/upload.html.erb within layouts/application
  Rendered sender/upload.html.erb within layouts/application (1.8ms)
Completed 200 OK in 20ms (Views: 18.2ms | ActiveRecord: 0.0ms)


Started POST "/sender/get_file" for 127.0.0.1 at 2018-04-24 16:50:32 -0600
Processing by SenderController#get_file as HTML
  Parameters: {"utf8"=>"✓", "authenticity_token"=>"pXL6N1NIcV2mFsNB2b+slmLQuLDGopAQFa17TeqQV9BQSJEWbpxWZozNer81JwvrWgSSVBW8IohhaBP3kTBX8w==", "subject"=>"{:class=>\"form-control\"}", "commit"=>"Submit"}
Completed 500 Internal Server Error in 5ms (ActiveRecord: 0.0ms)


  
NameError (uninitialized constant SenderController::HTTParty):
  
app/controllers/sender_controller.rb:14:in `get_file'
Started POST "/sender/get_file" for 127.0.0.1 at 2018-04-24 16:50:40 -0600
  
LoadError (cannot load such file -- httparty):
  
app/controllers/sender_controller.rb:1:in `<main>'
Started POST "/sender/get_file" for 127.0.0.1 at 2018-04-24 16:50:42 -0600
  
LoadError (cannot load such file -- httparty):
  
app/controllers/sender_controller.rb:1:in `<main>'
Started GET "/" for 127.0.0.1 at 2018-04-24 16:50:45 -0600
  
LoadError (cannot load such file -- httparty):
  
app/controllers/sender_controller.rb:1:in `<main>'
Started GET "/" for 127.0.0.1 at 2018-04-24 16:50:58 -0600
  
LoadError (cannot load such file -- HTTParty):
  
app/controllers/sender_controller.rb:1:in `<main>'
Started GET "/" for 127.0.0.1 at 2018-04-24 16:51:06 -0600
Processing by SenderController#upload as HTML
  Rendering sender/upload.html.erb within layouts/application
  Rendered sender/upload.html.erb within layouts/application (1.6ms)
Completed 200 OK in 19ms (Views: 18.1ms | ActiveRecord: 0.0ms)


Started POST "/sender/get_file" for 127.0.0.1 at 2018-04-24 16:51:08 -0600
Processing by SenderController#get_file as HTML
  Parameters: {"utf8"=>"✓", "authenticity_token"=>"cJ7s/0WlIR/76lmZ93aLz6cASdxo32/fVLthVRStyZGFpIfeeHEGJNEx4Gcb7iyyn9RjOLvB3Ucgfgnvbw3Jsg==", "subject"=>"{:class=>\"form-control\"}", "commit"=>"Submit"}
Completed 500 Internal Server Error in 6ms (ActiveRecord: 0.0ms)


  
NameError (uninitialized constant SenderController::HTTParty):
  
app/controllers/sender_controller.rb:12:in `get_file'
Started GET "/" for 127.0.0.1 at 2018-04-24 16:52:48 -0600
Processing by SenderController#upload as HTML
  Rendering sender/upload.html.erb within layouts/application
  Rendered sender/upload.html.erb within layouts/application (2.5ms)
Completed 200 OK in 274ms (Views: 265.6ms | ActiveRecord: 0.0ms)


Started POST "/sender/get_file" for 127.0.0.1 at 2018-04-24 16:52:49 -0600
Processing by SenderController#get_file as HTML
  Parameters: {"utf8"=>"✓", "authenticity_token"=>"9Xq+l04yvp97dWqgHYJV2vaWCKiOD0wnBEsBGCQvM+8AQNW2c+aZpFGu017xGvKnzkIiTF0R/r9wjmmiX48zzA==", "subject"=>"{:class=>\"form-control\"}", "commit"=>"Submit"}
No template found for SenderController#get_file, rendering head :no_content
Completed 204 No Content in 219ms (ActiveRecord: 0.0ms)


Started GET "/" for 127.0.0.1 at 2018-04-24 16:53:18 -0600
Processing by SenderController#upload as HTML
Started GET "/" for 127.0.0.1 at 2018-04-24 16:53:28 -0600
  Rendering sender/upload.html.erb within layouts/application
  Rendered sender/upload.html.erb within layouts/application (2.2ms)
Completed 200 OK in 26ms (Views: 23.8ms | ActiveRecord: 0.0ms)


Processing by SenderController#upload as HTML
  Rendering sender/upload.html.erb within layouts/application
  Rendered sender/upload.html.erb within layouts/application (1.4ms)
Completed 200 OK in 22ms (Views: 20.1ms | ActiveRecord: 0.0ms)


Started POST "/sender/get_file" for 127.0.0.1 at 2018-04-24 16:53:30 -0600
Processing by SenderController#get_file as HTML
  Parameters: {"utf8"=>"✓", "authenticity_token"=>"q4xkvE36fWXrT2vg27kiMmrR8jm6tfnY9MRnKasKvXFetg+dcC5aXsGU0h43IYVPUgXY3WmrS0CAAQ+T0Kq9Ug==", "subject"=>"{:class=>\"form-control\"}", "commit"=>"Submit"}
  Rendering sender/answer.html.erb within layouts/application
  Rendered sender/answer.html.erb within layouts/application (1.7ms)
Completed 200 OK in 196ms (Views: 34.8ms | ActiveRecord: 0.0ms)


Started GET "/" for 127.0.0.1 at 2018-04-24 16:55:49 -0600
Processing by SenderController#upload as HTML
  Rendering sender/upload.html.erb within layouts/application
  Rendered sender/upload.html.erb within layouts/application (2.1ms)
Completed 200 OK in 26ms (Views: 24.9ms | ActiveRecord: 0.0ms)


Started POST "/sender/get_file" for 127.0.0.1 at 2018-04-24 16:55:52 -0600
Processing by SenderController#get_file as HTML
  Parameters: {"utf8"=>"✓", "authenticity_token"=>"tov2wxmqSdaITD4ZXYII23WQ4zY7Vt8Vl3HaAU2auouwDiRLenQeMeNBKUdvTREjduwDnq+2WwaNGlCY2ij+tQ==", "subject"=>"{:class=>\"form-control\"}", "commit"=>"Submit"}
  Rendering sender/answer.html.erb within layouts/application
  Rendered sender/answer.html.erb within layouts/application (1.4ms)
Completed 200 OK in 286ms (Views: 31.0ms | ActiveRecord: 0.0ms)


Started GET "/" for 127.0.0.1 at 2018-04-24 16:56:23 -0600
Processing by SenderController#upload as HTML
  Rendering sender/upload.html.erb within layouts/application
  Rendered sender/upload.html.erb within layouts/application (1.9ms)
Completed 200 OK in 23ms (Views: 21.5ms | ActiveRecord: 0.0ms)


Started POST "/sender/get_file" for 127.0.0.1 at 2018-04-24 16:56:24 -0600
Processing by SenderController#get_file as HTML
  Parameters: {"utf8"=>"✓", "authenticity_token"=>"VBXdBM3qaaE9a/RzLZizrhueShiUF14i5oPARISSGTFSkA+MrjQ+RlZm4y0fV6pWGOKqsAD32jH86ErdEyBdDw==", "subject"=>"{:class=>\"form-control\"}", "commit"=>"Submit"}
  Rendering sender/answer.html.erb within layouts/application
  Rendered sender/answer.html.erb within layouts/application (1.8ms)
Completed 200 OK in 235ms (Views: 57.1ms | ActiveRecord: 0.0ms)


Started GET "/" for 127.0.0.1 at 2018-04-24 16:56:47 -0600
Processing by SenderController#upload as HTML
  Rendering sender/upload.html.erb within layouts/application
  Rendered sender/upload.html.erb within layouts/application (3.0ms)
Completed 200 OK in 34ms (Views: 32.5ms | ActiveRecord: 0.0ms)


Started POST "/sender/get_file" for 127.0.0.1 at 2018-04-24 16:56:48 -0600
Processing by SenderController#get_file as HTML
  Parameters: {"utf8"=>"✓", "authenticity_token"=>"ji7ifggX22tjsHy6ZDRnp7+JIl0UwPMwE63NW951d0uIqzD2a8mMjAi9a+RW+35fvPXC9YAgdyMJxkfCScczdQ==", "subject"=>"{:class=>\"form-control\"}", "commit"=>"Submit"}
  Rendering sender/answer.html.erb within layouts/application
  Rendered sender/answer.html.erb within layouts/application (0.9ms)
Completed 200 OK in 387ms (Views: 35.9ms | ActiveRecord: 0.0ms)


Started POST "/sender/get_file" for 127.0.0.1 at 2018-04-24 16:57:10 -0600
Processing by SenderController#get_file as HTML
  Parameters: {"utf8"=>"✓", "authenticity_token"=>"ji7ifggX22tjsHy6ZDRnp7+JIl0UwPMwE63NW951d0uIqzD2a8mMjAi9a+RW+35fvPXC9YAgdyMJxkfCScczdQ==", "subject"=>"{:class=>\"form-control\"}", "commit"=>"Submit"}
  Rendering sender/answer.html.erb within layouts/application
  Rendered sender/answer.html.erb within layouts/application (2.5ms)
Completed 200 OK in 462ms (Views: 47.9ms | ActiveRecord: 0.0ms)


